2020-10-09T14:22:54.333Z [grade-api] info: Chanlange API Started
2020-10-09T14:23:13.312Z [grade-api] info: Chanlange API Started
2020-10-09T14:23:20.311Z [grade-api] info: Chanlange API Started
2020-10-09T14:23:31.333Z [grade-api] info: Chanlange API Started
2020-10-09T14:23:58.825Z [grade-api] info: Chanlange API Started
2020-10-09T14:24:07.038Z [grade-api] info: Chanlange API Started
2020-10-09T14:24:10.806Z [grade-api] info: Chanlange API Started
2020-10-09T14:24:11.989Z [grade-api] error: GET /grade - Callback must be a function. Received undefined
2020-10-09T14:25:59.210Z [grade-api] info: Chanlange API Started
2020-10-09T14:30:53.958Z [grade-api] info: Chanlange API Started
2020-10-09T14:40:33.468Z [grade-api] info: Chanlange API Started
2020-10-09T14:40:48.940Z [grade-api] info: Chanlange API Started
2020-10-09T14:40:55.198Z [grade-api] info: Chanlange API Started
2020-10-09T14:40:57.755Z [grade-api] error: GET /grade - Callback must be a function. Received undefined
2020-10-09T14:41:09.374Z [grade-api] info: Chanlange API Started
2020-10-09T14:44:45.988Z [grade-api] info: Chanlange API Started
2020-10-09T14:44:47.568Z [grade-api] error: GET /grade - Callback must be a function. Received undefined
2020-10-09T14:46:05.455Z [grade-api] info: Chanlange API Started
2020-10-09T14:46:07.670Z [grade-api] error: GET /grade - Callback must be a function. Received undefined
2020-10-09T14:48:28.322Z [grade-api] info: Chanlange API Started
2020-10-09T14:49:06.142Z [grade-api] info: Chanlange API Started
2020-10-09T14:49:10.872Z [grade-api] info: Chanlange API Started
2020-10-09T14:51:51.944Z [grade-api] info: Chanlange API Started
2020-10-09T14:51:52.917Z [grade-api] info: Chanlange API Started
2020-10-09T14:52:47.289Z [grade-api] info: Chanlange API Started
2020-10-09T14:56:28.943Z [grade-api] info: Chanlange API Started
2020-10-09T14:59:00.175Z [grade-api] info: Chanlange API Started
2020-10-09T15:02:56.749Z [grade-api] info: Chanlange API Started
2020-10-09T15:03:02.562Z [grade-api] info: Chanlange API Started
2020-10-09T15:12:48.191Z [grade-api] info: Chanlange API Started
2020-10-09T15:14:46.432Z [grade-api] info: Chanlange API Started
2020-10-09T15:15:22.262Z [grade-api] info: Chanlange API Started
2020-10-09T15:15:26.691Z [grade-api] error: POST /grade - Cannot read property 'push' of undefined
2020-10-09T15:15:51.001Z [grade-api] info: Chanlange API Started
2020-10-09T15:15:52.916Z [grade-api] error: POST /grade - Cannot read property 'push' of undefined
2020-10-09T15:16:07.085Z [grade-api] info: Chanlange API Started
2020-10-09T15:16:08.874Z [grade-api] error: POST /grade - Cannot read property 'push' of undefined
2020-10-09T15:16:29.383Z [grade-api] info: Chanlange API Started
2020-10-09T15:16:36.228Z [grade-api] info: Chanlange API Started
2020-10-09T15:16:37.446Z [grade-api] info: POST /grade {
  "id": 49,
  "student": "Thales Baliero Takáo",
  "subject": "01 - JavaScript",
  "type": "Trabalho Prático",
  "value": 25,
  "timestamp": "2020-10-09T15:16:37.446Z"
}
2020-10-09T15:18:27.033Z [grade-api] info: Chanlange API Started
2020-10-09T15:19:00.962Z [grade-api] info: Chanlange API Started
2020-10-09T15:19:07.870Z [grade-api] info: Chanlange API Started
2020-10-09T15:19:10.983Z [grade-api] info: POST /grade {
  "id": 49,
  "student": "Thales Baliero Takáo",
  "subject": "01 - JavaScript",
  "type": "Trabalho Prático",
  "value": 25,
  "timestamp": "2020-10-09T15:19:10.978Z"
}
2020-10-09T15:19:11.594Z [grade-api] info: Chanlange API Started
2020-10-09T15:30:49.947Z [grade-api] info: Chanlange API Started
2020-10-09T15:32:47.525Z [grade-api] info: Chanlange API Started
2020-10-09T15:33:07.828Z [grade-api] info: Chanlange API Started
2020-10-09T15:36:29.834Z [grade-api] info: Chanlange API Started
2020-10-09T15:38:27.268Z [grade-api] info: Chanlange API Started
2020-10-09T15:39:06.698Z [grade-api] info: Chanlange API Started
2020-10-09T15:45:14.247Z [grade-api] info: Chanlange API Started
2020-10-09T15:46:40.417Z [grade-api] info: Chanlange API Started
2020-10-09T15:47:25.626Z [grade-api] info: Chanlange API Started
2020-10-09T15:48:14.297Z [grade-api] info: Chanlange API Started
2020-10-09T15:48:53.284Z [grade-api] info: Chanlange API Started
2020-10-09T15:50:21.073Z [grade-api] info: Chanlange API Started
2020-10-09T15:51:23.294Z [grade-api] info: Chanlange API Started
2020-10-09T15:52:01.965Z [grade-api] info: Chanlange API Started
2020-10-09T15:53:59.557Z [grade-api] info: Chanlange API Started
2020-10-09T15:54:34.137Z [grade-api] info: Chanlange API Started
2020-10-09T15:54:50.396Z [grade-api] info: Chanlange API Started
2020-10-09T15:55:11.178Z [grade-api] info: Chanlange API Started
2020-10-09T15:56:01.354Z [grade-api] info: Chanlange API Started
2020-10-09T15:56:57.204Z [grade-api] info: Chanlange API Started
2020-10-09T15:57:16.390Z [grade-api] info: Chanlange API Started
2020-10-09T15:58:42.628Z [grade-api] info: Chanlange API Started
2020-10-09T15:58:50.947Z [grade-api] info: Chanlange API Started
2020-10-09T16:01:02.761Z [grade-api] info: Chanlange API Started
2020-10-09T16:03:33.338Z [grade-api] info: Chanlange API Started
2020-10-09T16:04:00.005Z [grade-api] info: Chanlange API Started
2020-10-09T16:04:38.500Z [grade-api] info: Chanlange API Started
2020-10-09T16:08:47.569Z [grade-api] info: Chanlange API Started
2020-10-09T16:12:12.609Z [grade-api] info: Chanlange API Started
2020-10-09T16:13:24.255Z [grade-api] info: Chanlange API Started
2020-10-09T16:14:21.768Z [grade-api] info: Chanlange API Started
2020-10-09T16:14:32.580Z [grade-api] info: Chanlange API Started
2020-10-09T16:14:38.835Z [grade-api] info: Chanlange API Started
2020-10-09T16:14:55.319Z [grade-api] info: Chanlange API Started
2020-10-09T16:16:36.341Z [grade-api] info: Chanlange API Started
2020-10-09T16:18:54.852Z [grade-api] info: Chanlange API Started
2020-10-09T16:21:08.994Z [grade-api] error: GET /grade - Não há registros disponíveis.
2020-10-09T16:21:44.365Z [grade-api] info: Chanlange API Started
2020-10-09T16:21:45.750Z [grade-api] error: GET /grade - Cannot read property 'length' of undefined
2020-10-09T16:21:53.360Z [grade-api] info: Chanlange API Started
2020-10-09T16:21:54.462Z [grade-api] error: GET /grade - Cannot read property 'lenght' of undefined
2020-10-09T16:22:05.242Z [grade-api] info: Chanlange API Started
2020-10-09T16:22:06.331Z [grade-api] error: GET /grade - Cannot read property 'length' of undefined
2020-10-09T16:22:22.774Z [grade-api] info: Chanlange API Started
2020-10-09T16:22:23.763Z [grade-api] error: GET /grade - Cannot read property 'length' of undefined
2020-10-09T16:22:28.319Z [grade-api] info: Chanlange API Started
2020-10-09T16:22:32.150Z [grade-api] error: GET /grade - Cannot read property 'length' of undefined
2020-10-09T16:22:37.189Z [grade-api] info: Chanlange API Started
2020-10-09T16:22:38.372Z [grade-api] error: GET /grade - Cannot read property 'length' of undefined
2020-10-09T16:23:04.669Z [grade-api] info: Chanlange API Started
2020-10-09T16:23:05.374Z [grade-api] error: GET /grade - Não há registros disponíveis.
2020-10-09T16:23:41.260Z [grade-api] info: Chanlange API Started
2020-10-09T16:23:42.551Z [grade-api] info: GET /grade/:id {
  "id": 1,
  "student": "Loiane Groner",
  "subject": "01 - JavaScript",
  "type": "Fórum",
  "value": 15,
  "timestamp": "2020-05-19T18:21:24.958Z"
}
2020-10-09T16:23:50.278Z [grade-api] info: Chanlange API Started
2020-10-09T16:24:36.570Z [grade-api] info: Chanlange API Started
2020-10-09T16:24:49.265Z [grade-api] info: GET /grade/:id {
  "id": 2,
  "student": "Loiane Groner",
  "subject": "02 - Node",
  "type": "Fórum",
  "value": 5,
  "timestamp": "2020-05-19T18:21:24.964Z"
}
2020-10-09T16:24:52.402Z [grade-api] info: GET /grade/:id {
  "id": 3,
  "student": "Loiane Groner",
  "subject": "03 - React",
  "type": "Fórum",
  "value": 14,
  "timestamp": "2020-05-19T18:21:24.970Z"
}
2020-10-09T16:24:55.565Z [grade-api] info: GET /grade/:id {
  "id": 15,
  "student": "Roberta Arcoverde",
  "subject": "03 - React",
  "type": "Fórum",
  "value": 1,
  "timestamp": "2020-05-19T18:21:25.047Z"
}
2020-10-09T16:25:00.154Z [grade-api] info: GET /grade/:id {
  "id": 20,
  "student": "Roberta Arcoverde",
  "subject": "04 - MongoDB",
  "type": "Trabalho Prático",
  "value": 20,
  "timestamp": "2020-05-19T18:21:25.077Z"
}
2020-10-09T16:25:04.330Z [grade-api] info: GET /grade/:id {
  "id": 35,
  "student": "Roberto Achar",
  "subject": "03 - React",
  "type": "Desafio",
  "value": 23,
  "timestamp": "2020-05-19T18:21:25.198Z"
}
2020-10-09T16:25:43.273Z [grade-api] info: POST /grade {
  "id": 50,
  "student": "Thales Baliero Takáo",
  "subject": "01 - JavaScript",
  "type": "Fórum",
  "value": 15,
  "timestamp": "2020-10-09T16:25:43.270Z"
}
2020-10-09T16:25:44.012Z [grade-api] info: Chanlange API Started
2020-10-09T16:26:32.588Z [grade-api] error: PUT /grade - id, studant, subject, type e value são obrigatórios
2020-10-09T16:26:55.628Z [grade-api] info: Chanlange API Started
2020-10-09T16:27:02.001Z [grade-api] error: PUT /grade - id, studant, subject, type e value são obrigatórios
2020-10-09T16:27:04.503Z [grade-api] info: Chanlange API Started
2020-10-09T16:27:11.202Z [grade-api] error: PUT /grade - id, studant, subject, type e value são obrigatórios
2020-10-09T16:27:27.344Z [grade-api] info: Chanlange API Started
2020-10-09T16:27:29.201Z [grade-api] error: PUT /grade - id, studant, subject, type e value são obrigatórios
2020-10-09T16:28:13.262Z [grade-api] info: Chanlange API Started
2020-10-09T16:28:15.212Z [grade-api] error: PUT /grade - type is not defined
2020-10-09T16:28:24.689Z [grade-api] info: Chanlange API Started
2020-10-09T16:29:10.888Z [grade-api] info: Chanlange API Started
2020-10-09T16:29:12.982Z [grade-api] error: PUT /grade - type is not defined
2020-10-09T16:29:19.361Z [grade-api] info: Chanlange API Started
2020-10-09T16:29:20.945Z [grade-api] error: PUT /grade - Cannot access 'index' before initialization
2020-10-09T16:29:26.178Z [grade-api] info: Chanlange API Started
2020-10-09T16:29:27.255Z [grade-api] error: PUT /grade - type is not defined
2020-10-09T16:30:13.309Z [grade-api] info: Chanlange API Started
2020-10-09T16:30:14.429Z [grade-api] error: PUT /grade - type is not defined
2020-10-09T16:34:34.548Z [grade-api] info: Chanlange API Started
2020-10-09T16:34:35.746Z [grade-api] error: PUT /grade - type is not defined
2020-10-09T16:35:07.585Z [grade-api] info: Chanlange API Started
2020-10-09T16:35:09.307Z [grade-api] error: PUT /grade - id, studant, subject, type e value são obrigatórios
2020-10-09T16:35:34.490Z [grade-api] info: PUT /grade {
  "id": 50,
  "student": "Thales Baliero Takáo",
  "subject": "01 - JavaScript",
  "type": "Fórum",
  "value": 3,
  "timestamp": "2020-10-09T16:25:43.270Z"
}
2020-10-09T16:35:35.036Z [grade-api] info: Chanlange API Started
2020-10-09T16:35:44.975Z [grade-api] info: GET /grade/:id {
  "id": 50,
  "student": "Thales Baliero Takáo",
  "subject": "01 - JavaScript",
  "type": "Fórum",
  "value": 3,
  "timestamp": "2020-10-09T16:25:43.270Z"
}
2020-10-09T16:36:08.983Z [grade-api] error: DELETE /grade - Cannot read property 'length' of undefined
2020-10-09T16:36:32.555Z [grade-api] info: Chanlange API Started
2020-10-09T16:36:34.091Z [grade-api] error: DELETE /grade - Cannot read property 'length' of undefined
2020-10-09T16:37:01.871Z [grade-api] info: Chanlange API Started
2020-10-09T16:37:03.237Z [grade-api] error: DELETE /grade - Cannot read property 'length' of undefined
2020-10-09T16:37:10.130Z [grade-api] info: Chanlange API Started
2020-10-09T16:37:11.006Z [grade-api] error: DELETE /grade - Cannot read property 'length' of undefined
2020-10-09T16:37:15.166Z [grade-api] error: DELETE /grade - Cannot read property 'length' of undefined
2020-10-09T16:37:23.574Z [grade-api] info: Chanlange API Started
2020-10-09T16:37:26.211Z [grade-api] error: DELETE /grade - Cannot read property 'length' of undefined
2020-10-09T16:37:39.616Z [grade-api] info: Chanlange API Started
2020-10-09T16:37:40.520Z [grade-api] error: DELETE /grade - Cannot read property 'length' of undefined
2020-10-09T16:38:18.668Z [grade-api] info: Chanlange API Started
2020-10-09T16:38:22.411Z [grade-api] error: DELETE /grade - Cannot read property 'length' of undefined
2020-10-09T16:38:41.549Z [grade-api] info: Chanlange API Started
2020-10-09T16:38:42.527Z [grade-api] error: DELETE /grade - grade is not defined
2020-10-09T16:38:43.119Z [grade-api] info: Chanlange API Started
2020-10-09T16:38:54.769Z [grade-api] info: Chanlange API Started
2020-10-09T16:38:58.239Z [grade-api] info: Chanlange API Started
2020-10-09T16:38:59.724Z [grade-api] error: DELETE /grade - The "chunk" argument must be of type string or an instance of Buffer. Received an instance of Object
2020-10-09T16:39:00.268Z [grade-api] info: Chanlange API Started
2020-10-09T16:39:15.056Z [grade-api] info: Chanlange API Started
2020-10-09T16:39:16.966Z [grade-api] info: DELETE /grade/:id 50
2020-10-09T16:39:17.505Z [grade-api] info: Chanlange API Started
2020-10-09T16:39:21.746Z [grade-api] info: DELETE /grade/:id 50
2020-10-09T16:39:22.284Z [grade-api] info: Chanlange API Started
2020-10-09T16:40:32.014Z [grade-api] info: Chanlange API Started
2020-10-09T16:40:33.549Z [grade-api] info: DELETE /grade/:id 50
2020-10-09T16:40:34.069Z [grade-api] info: Chanlange API Started
2020-10-09T16:40:52.389Z [grade-api] info: Chanlange API Started
2020-10-09T16:41:00.237Z [grade-api] info: Chanlange API Started
2020-10-09T16:41:09.600Z [grade-api] info: DELETE /grade/:id 50
2020-10-09T16:41:10.122Z [grade-api] info: Chanlange API Started
2020-10-09T16:41:47.819Z [grade-api] info: Chanlange API Started
2020-10-09T16:41:51.090Z [grade-api] info: DELETE /grade/:id 50
2020-10-09T16:41:51.906Z [grade-api] info: Chanlange API Started
2020-10-09T16:41:54.040Z [grade-api] error: DELETE /grade - Cannot read property 'length' of undefined
2020-10-09T16:42:41.071Z [grade-api] error: DELETE /grade - Cannot read property 'length' of undefined
2020-10-09T16:42:54.305Z [grade-api] info: Chanlange API Started
2020-10-09T16:43:23.587Z [grade-api] info: Chanlange API Started
2020-10-09T16:49:39.065Z [grade-api] info: Chanlange API Started
2020-10-09T16:51:38.198Z [grade-api] info: Chanlange API Started
2020-10-09T16:52:00.831Z [grade-api] info: DELETE /grade/:id 50
2020-10-09T16:52:01.383Z [grade-api] info: Chanlange API Started
2020-10-09T16:52:09.726Z [grade-api] info: DELETE /grade/:id 50
2020-10-09T16:52:10.467Z [grade-api] info: Chanlange API Started
2020-10-09T16:53:32.352Z [grade-api] info: Chanlange API Started
2020-10-09T16:53:49.623Z [grade-api] info: Chanlange API Started
2020-10-09T16:54:26.596Z [grade-api] info: DELETE /grade/:id 50
2020-10-09T16:54:27.147Z [grade-api] info: Chanlange API Started
2020-10-09T16:55:40.363Z [grade-api] info: Chanlange API Started
2020-10-09T16:55:43.335Z [grade-api] error: DELETE /grade - O registro solicitado para exclusão não existe.
2020-10-09T16:55:59.222Z [grade-api] info: Chanlange API Started
2020-10-09T16:56:12.952Z [grade-api] info: POST /grade {
  "id": 49,
  "student": "Thales Baliero Takáo",
  "subject": "01 - JavaScript",
  "type": "Fórum",
  "value": 15,
  "timestamp": "2020-10-09T16:56:12.947Z"
}
2020-10-09T16:56:13.506Z [grade-api] info: Chanlange API Started
2020-10-09T16:56:15.799Z [grade-api] error: PUT /grade - Não existe a grade com o ID informado.
2020-10-09T16:56:28.576Z [grade-api] info: PUT /grade {
  "id": 49,
  "student": "Thales Baliero Takáo",
  "subject": "01 - JavaScript",
  "type": "Fórum",
  "value": 3,
  "timestamp": "2020-10-09T16:56:12.947Z"
}
2020-10-09T16:56:29.113Z [grade-api] info: Chanlange API Started
2020-10-09T16:57:18.988Z [grade-api] info: Chanlange API Started
2020-10-09T16:59:29.189Z [grade-api] info: GET /grade/:id undefined
2020-10-09T16:59:39.534Z [grade-api] info: GET /grade/:id undefined
2020-10-09T17:00:05.920Z [grade-api] info: Chanlange API Started
2020-10-09T17:00:13.993Z [grade-api] info: GET /grade/:id undefined
2020-10-09T17:00:18.073Z [grade-api] info: Chanlange API Started
2020-10-09T17:00:43.879Z [grade-api] info: GET /grade/:id undefined
2020-10-09T17:01:36.612Z [grade-api] info: GET /grade/:id undefined
2020-10-09T17:01:55.965Z [grade-api] info: Chanlange API Started
2020-10-09T17:02:00.796Z [grade-api] info: GET /grade/:id undefined
2020-10-09T17:02:24.512Z [grade-api] info: Chanlange API Started
2020-10-09T17:02:26.270Z [grade-api] info: GET /grade/:id undefined
2020-10-09T17:02:32.128Z [grade-api] info: Chanlange API Started
2020-10-09T17:02:37.458Z [grade-api] info: Chanlange API Started
2020-10-09T17:02:38.560Z [grade-api] error: GET /grade - studant e subject são obrigatórios
2020-10-09T17:02:42.286Z [grade-api] info: Chanlange API Started
2020-10-09T17:03:29.954Z [grade-api] info: Chanlange API Started
2020-10-09T17:03:31.091Z [grade-api] error: GET /grade - studant e subject são obrigatórios
2020-10-09T17:03:46.386Z [grade-api] info: GET /grade/total-value-by {
  "studant": "Thales Baliero Takáo",
  "subject": "01 - JavaScript",
  "total": 0
}
2020-10-09T17:04:14.481Z [grade-api] info: GET /grade/:id undefined
2020-10-09T17:04:20.128Z [grade-api] info: GET /grade/:id undefined
2020-10-09T17:04:25.896Z [grade-api] info: GET /grade/:id {
  "id": 49,
  "student": "Thales Baliero Takáo",
  "subject": "01 - JavaScript",
  "type": "Fórum",
  "value": 3,
  "timestamp": "2020-10-09T16:56:12.947Z"
}
2020-10-09T17:05:40.112Z [grade-api] info: Chanlange API Started
2020-10-09T17:05:42.176Z [grade-api] info: GET /grade/total-value-by {
  "studant": "Thales Baliero Takáo",
  "subject": "01 - JavaScript",
  "total": 0
}
2020-10-09T17:05:55.733Z [grade-api] info: GET /grade/total-value-by {
  "studant": "Thales Baliero Takáo",
  "subject": "01 - JavaScript",
  "total": 0
}
2020-10-09T17:07:00.837Z [grade-api] info: Chanlange API Started
2020-10-09T17:07:02.378Z [grade-api] info: GET /grade/total-value-by {
  "studant": "Thales Baliero Takáo",
  "subject": "01 - JavaScript",
  "total": 0
}
2020-10-09T17:07:24.121Z [grade-api] info: Chanlange API Started
2020-10-09T17:07:25.082Z [grade-api] info: GET /grade/total-value-by {
  "studant": "Thales Baliero Takáo",
  "subject": "01 - JavaScript",
  "total": 0
}
2020-10-09T17:07:36.522Z [grade-api] info: Chanlange API Started
2020-10-09T17:07:37.412Z [grade-api] info: GET /grade/total-value-by {
  "studant": "Thales Baliero Takáo",
  "subject": "01 - JavaScript",
  "total": 0
}
2020-10-09T21:43:58.289Z [grade-api] info: Chanlange API Started
2020-10-09T21:44:00.183Z [grade-api] info: Chanlange API Started
2020-10-09T21:44:08.220Z [grade-api] info: GET /grade/mean-value-by {
  "studant": "Thales Baliero Takáo",
  "subject": "01 - JavaScript",
  "mean": null
}
2020-10-09T21:44:43.438Z [grade-api] info: Chanlange API Started
2020-10-09T21:44:44.371Z [grade-api] info: GET /grade/mean-value-by {
  "studant": "Thales Baliero Takáo",
  "subject": "01 - JavaScript",
  "mean": 0
}
2020-10-09T21:44:56.993Z [grade-api] info: GET /grade/:id {
  "id": 49,
  "student": "Thales Baliero Takáo",
  "subject": "01 - JavaScript",
  "type": "Fórum",
  "value": 3,
  "timestamp": "2020-10-09T16:56:12.947Z"
}
2020-10-09T21:45:02.764Z [grade-api] info: GET /grade/mean-value-by {
  "studant": "Thales Baliero Takáo",
  "subject": "01 - JavaScript",
  "mean": 0
}
2020-10-09T21:45:12.652Z [grade-api] info: GET /grade/mean-value-by {
  "studant": "Thales Baliero Takáo",
  "subject": "01 - JavaScript",
  "mean": 0
}
2020-10-09T21:45:17.494Z [grade-api] info: GET /grade/total-value-by {
  "studant": "Thales Baliero Takáo",
  "subject": "01 - JavaScript",
  "total": 0
}
2020-10-09T21:45:19.316Z [grade-api] info: GET /grade/total-value-by {
  "studant": "Thales Baliero Takáo",
  "subject": "01 - JavaScript",
  "total": 0
}
2020-10-09T21:47:13.932Z [grade-api] info: Chanlange API Started
2020-10-09T21:47:18.528Z [grade-api] info: GET /grade/total-value-by {
  "studant": "Thales Baliero Takáo",
  "subject": "01 - JavaScript",
  "total": 0
}
2020-10-09T21:47:31.521Z [grade-api] info: Chanlange API Started
2020-10-09T21:47:32.962Z [grade-api] info: GET /grade/total-value-by {
  "studant": "Thales Baliero Takáo",
  "subject": "01 - JavaScript",
  "total": 0
}
2020-10-09T21:48:15.770Z [grade-api] info: Chanlange API Started
2020-10-09T21:48:17.750Z [grade-api] info: GET /grade/total-value-by {
  "studant": "Thales Baliero Takáo",
  "subject": "01 - JavaScript",
  "total": 0
}
2020-10-09T21:49:27.504Z [grade-api] info: Chanlange API Started
2020-10-09T21:49:29.433Z [grade-api] info: GET /grade/total-value-by {
  "studant": "Thales Baliero Takáo",
  "subject": "01 - JavaScript",
  "total": 0
}
2020-10-09T21:49:41.013Z [grade-api] info: Chanlange API Started
2020-10-09T21:49:43.680Z [grade-api] info: GET /grade/total-value-by {
  "studant": "Thales Baliero Takáo",
  "subject": "01 - JavaScript",
  "total": 0
}
2020-10-09T21:50:21.944Z [grade-api] info: Chanlange API Started
2020-10-09T21:50:26.071Z [grade-api] info: Chanlange API Started
2020-10-09T21:50:29.033Z [grade-api] info: GET /grade/total-value-by {
  "studant": "Thales Baliero Takáo",
  "subject": "01 - JavaScript",
  "total": 0
}
2020-10-09T21:50:55.086Z [grade-api] info: Chanlange API Started
2020-10-09T21:51:23.867Z [grade-api] info: Chanlange API Started
2020-10-09T21:51:24.775Z [grade-api] info: GET /grade/total-value-by {
  "studant": "Thales Baliero Takáo",
  "subject": "01 - JavaScript",
  "total": 0
}
2020-10-09T21:52:24.760Z [grade-api] info: Chanlange API Started
2020-10-09T21:52:26.889Z [grade-api] info: GET /grade/total-value-by {
  "studant": "Thales Baliero Takáo",
  "subject": "01 - JavaScript",
  "total": 0
}
2020-10-09T21:52:56.301Z [grade-api] info: Chanlange API Started
2020-10-09T21:53:02.812Z [grade-api] info: GET /grade/total-value-by {
  "studant": "Thales Baliero Takáo",
  "subject": "01 - JavaScript",
  "total": 0
}
2020-10-09T21:53:28.296Z [grade-api] info: Chanlange API Started
2020-10-09T21:53:39.742Z [grade-api] info: GET /grade/total-value-by {
  "studant": "Thales Baliero Takáo",
  "subject": "01 - JavaScript",
  "total": 0
}
2020-10-09T21:53:44.446Z [grade-api] info: GET /grade/total-value-by {
  "studant": "Thales Baliero Takáo",
  "subject": "01 - JavaScript",
  "total": 0
}
2020-10-09T21:53:53.743Z [grade-api] info: Chanlange API Started
2020-10-09T21:54:12.273Z [grade-api] info: Chanlange API Started
2020-10-09T21:54:22.944Z [grade-api] info: Chanlange API Started
2020-10-09T21:54:36.784Z [grade-api] info: Chanlange API Started
2020-10-09T21:54:51.928Z [grade-api] info: Chanlange API Started
2020-10-09T21:55:02.715Z [grade-api] info: Chanlange API Started
2020-10-09T21:55:20.686Z [grade-api] info: Chanlange API Started
2020-10-09T21:56:02.529Z [grade-api] info: Chanlange API Started
2020-10-09T22:04:42.219Z [grade-api] info: Chanlange API Started
2020-10-09T22:06:24.608Z [grade-api] info: Chanlange API Started
2020-10-09T22:07:00.709Z [grade-api] info: Chanlange API Started
2020-10-09T22:08:15.328Z [grade-api] error: GET /grade - student e subject são obrigatórios
2020-10-09T22:08:51.893Z [grade-api] info: Chanlange API Started
2020-10-09T22:11:32.349Z [grade-api] info: Chanlange API Started
2020-10-09T22:12:17.686Z [grade-api] info: Chanlange API Started
2020-10-09T22:12:29.995Z [grade-api] info: Chanlange API Started
2020-10-09T22:12:46.470Z [grade-api] info: POST /grade {
  "id": 50,
  "student": "Thales Baliero Takáo",
  "subject": "01 - JavaScript",
  "type": "Desafio",
  "value": 40,
  "timestamp": "2020-10-09T22:12:46.464Z"
}
2020-10-09T22:12:47.109Z [grade-api] info: Chanlange API Started
2020-10-09T22:12:59.922Z [grade-api] info: GET /grade/total-value {
  "student": "Thales Baliero Takáo",
  "subject": "01 - JavaScript",
  "total": 43
}
2020-10-09T22:13:05.448Z [grade-api] info: GET /grade/total-value {
  "student": "Thales Baliero Takáo",
  "subject": "01 - JavaScript",
  "total": 43
}
2020-10-09T22:13:11.892Z [grade-api] info: GET /grade/mean-value {
  "student": "Thales Baliero Takáo",
  "subject": "01 - JavaScript",
  "mean": 21.5
}
2020-10-09T22:16:17.107Z [grade-api] info: Chanlange API Started
2020-10-09T22:16:30.745Z [grade-api] error: GET /grade - student is not defined
2020-10-09T22:16:41.306Z [grade-api] error: GET /grade - student is not defined
2020-10-09T22:17:23.391Z [grade-api] info: Chanlange API Started
2020-10-09T22:17:24.943Z [grade-api] error: GET /grade - student is not defined
2020-10-09T22:17:41.445Z [grade-api] info: Chanlange API Started
2020-10-09T22:17:47.038Z [grade-api] info: Chanlange API Started
2020-10-09T22:17:48.438Z [grade-api] error: GET /grade - student is not defined
2020-10-09T22:18:02.696Z [grade-api] info: Chanlange API Started
2020-10-09T22:18:03.798Z [grade-api] info: GET /grade/mean-value {
  "type": "Fórum",
  "subject": "01 - JavaScript",
  "mean": 7.75
}
2020-10-09T22:18:10.252Z [grade-api] info: Chanlange API Started
2020-10-09T22:19:58.401Z [grade-api] info: Chanlange API Started
2020-10-09T22:20:36.046Z [grade-api] info: Chanlange API Started
2020-10-09T22:23:58.563Z [grade-api] info: Chanlange API Started
2020-10-09T22:24:50.625Z [grade-api] info: Chanlange API Started
2020-10-09T22:25:19.923Z [grade-api] info: Chanlange API Started
2020-10-09T22:25:49.466Z [grade-api] info: Chanlange API Started
2020-10-09T22:26:22.374Z [grade-api] info: Chanlange API Started
2020-10-09T22:26:25.729Z [grade-api] info: Chanlange API Started
2020-10-09T22:26:36.892Z [grade-api] info: Chanlange API Started
2020-10-09T22:28:16.184Z [grade-api] info: Chanlange API Started
2020-10-09T22:28:16.608Z [grade-api] info: Chanlange API Started
2020-10-09T22:31:46.453Z [grade-api] info: Chanlange API Started
2020-10-09T22:32:27.417Z [grade-api] info: GET /grade/better-grades [
  {
    "id": 50,
    "student": "Thales Baliero Takáo",
    "subject": "01 - JavaScript",
    "type": "Desafio",
    "value": 40,
    "timestamp": "2020-10-09T22:12:46.464Z"
  },
  {
    "id": 33,
    "student": "Roberto Achar",
    "subject": "01 - JavaScript",
    "type": "Desafio",
    "value": 25,
    "timestamp": "2020-05-19T18:21:25.184Z"
  },
  {
    "id": 21,
    "student": "Roberta Arcoverde",
    "subject": "01 - JavaScript",
    "type": "Desafio",
    "value": 16,
    "timestamp": "2020-05-19T18:21:25.084Z"
  }
]
2020-10-09T22:33:29.188Z [grade-api] info: Chanlange API Started
2020-10-11T03:52:04.681Z [grade-api] info: Chanlange API Started
2020-10-11T04:02:40.143Z [grade-api] info: Chanlange API Started
2020-10-11T04:02:48.355Z [grade-api] info: Chanlange API Started
2020-10-11T04:02:59.929Z [grade-api] info: Chanlange API Started
2020-10-11T04:03:14.060Z [grade-api] info: Chanlange API Started
2020-10-11T04:03:15.052Z [grade-api] info: Chanlange API Started
2020-10-11T12:15:05.191Z [grade-api] info: Chanlange API Started
2020-10-11T12:59:05.731Z [grade-api] info: Chanlange API Started
2020-10-11T12:59:34.110Z [grade-api] info: Chanlange API Started
2020-10-11T13:00:15.911Z [grade-api] info: Chanlange API Started
2020-10-11T13:00:24.077Z [grade-api] info: Chanlange API Started
2020-10-11T13:00:48.448Z [grade-api] info: Chanlange API Started
2020-10-11T13:00:55.271Z [grade-api] info: Chanlange API Started
2020-10-11T13:01:01.493Z [grade-api] info: Chanlange API Started
2020-10-11T13:01:46.301Z [grade-api] info: Chanlange API Started
2020-10-11T13:03:03.956Z [grade-api] info: Chanlange API Started
2020-10-11T13:06:25.108Z [grade-api] info: Chanlange API Started
2020-10-11T13:07:16.136Z [grade-api] info: Chanlange API Started
2020-10-11T13:07:59.023Z [grade-api] info: Chanlange API Started
2020-10-11T13:08:06.815Z [grade-api] info: Chanlange API Started
2020-10-11T13:08:16.228Z [grade-api] info: Chanlange API Started
2020-10-11T13:08:55.233Z [grade-api] info: Chanlange API Started
2020-10-11T13:09:36.767Z [grade-api] info: Chanlange API Started
2020-10-11T13:10:08.822Z [grade-api] info: Chanlange API Started
2020-10-11T13:11:43.457Z [grade-api] info: Chanlange API Started
2020-10-11T13:12:06.842Z [grade-api] info: Chanlange API Started
2020-10-11T13:12:17.927Z [grade-api] info: Chanlange API Started
2020-10-11T13:12:20.337Z [grade-api] info: Chanlange API Started
2020-10-11T13:12:32.907Z [grade-api] info: Chanlange API Started
2020-10-11T13:12:34.842Z [grade-api] info: Chanlange API Started
2020-10-11T13:12:42.144Z [grade-api] info: Chanlange API Started
2020-10-11T13:12:42.969Z [grade-api] info: Chanlange API Started
2020-10-11T13:13:04.563Z [grade-api] info: Chanlange API Started
2020-10-11T13:13:23.138Z [grade-api] info: Chanlange API Started
2020-10-11T13:13:40.708Z [grade-api] info: Chanlange API Started
2020-10-11T13:13:59.520Z [grade-api] info: Chanlange API Started
2020-10-11T13:16:48.798Z [grade-api] info: Chanlange API Started
2020-10-11T13:17:49.807Z [grade-api] info: Chanlange API Started
2020-10-11T13:17:58.117Z [grade-api] info: Chanlange API Started
2020-10-11T13:18:19.909Z [grade-api] info: Chanlange API Started
2020-10-11T13:18:34.525Z [grade-api] info: Chanlange API Started
2020-10-11T13:18:51.529Z [grade-api] info: Chanlange API Started
2020-10-11T13:22:54.796Z [grade-api] info: Chanlange API Started
2020-10-11T13:23:21.243Z [grade-api] info: Chanlange API Started
2020-10-11T13:23:41.129Z [grade-api] info: Chanlange API Started
2020-10-11T13:25:30.266Z [grade-api] info: Chanlange API Started
2020-10-11T13:25:42.938Z [grade-api] info: Chanlange API Started
2020-10-11T13:26:17.073Z [grade-api] info: Chanlange API Started
2020-10-11T13:27:20.758Z [grade-api] info: Chanlange API Started
2020-10-11T13:27:31.756Z [grade-api] info: Chanlange API Started
2020-10-11T13:28:07.983Z [grade-api] info: Chanlange API Started
2020-10-11T13:28:17.713Z [grade-api] info: POST /grade {
  "id": 51,
  "student": "Thales Baliero Takáo",
  "subject": "01 - JavaScript",
  "type": "Desafio",
  "value": 40,
  "timestamp": "2020-10-11T13:28:17.709Z"
}
2020-10-11T13:28:18.731Z [grade-api] info: Chanlange API Started
2020-10-11T13:28:51.691Z [grade-api] error: POST /grade - student, subject, type e value são obrigatórios
2020-10-11T13:29:07.748Z [grade-api] info: Chanlange API Started
2020-10-11T13:29:38.894Z [grade-api] info: Chanlange API Started
2020-10-11T13:31:23.287Z [grade-api] info: Chanlange API Started
2020-10-11T13:31:28.323Z [grade-api] info: Chanlange API Started
2020-10-11T13:32:32.067Z [grade-api] info: Chanlange API Started
2020-10-11T13:33:46.008Z [grade-api] info: Chanlange API Started
2020-10-11T13:34:23.705Z [grade-api] info: Chanlange API Started
2020-10-11T13:34:26.753Z [grade-api] error: POST /grade - student, subject, type e value são obrigatórios
2020-10-11T13:35:08.526Z [grade-api] info: Chanlange API Started
2020-10-11T13:35:12.845Z [grade-api] error: POST /grade - student, subject, type e value são obrigatórios
2020-10-11T13:35:19.910Z [grade-api] info: Chanlange API Started
2020-10-11T13:35:25.039Z [grade-api] error: POST /grade - student, subject, type e value são obrigatórios
2020-10-11T13:35:34.376Z [grade-api] info: Chanlange API Started
2020-10-11T13:35:39.845Z [grade-api] error: POST /grade - student, subject, type e value são obrigatórios
2020-10-11T13:36:05.822Z [grade-api] info: Chanlange API Started
2020-10-11T13:36:20.938Z [grade-api] info: POST /grade {
  "id": 52,
  "student": "João da Silva",
  "subject": "Subject 1",
  "type": "Fórum",
  "value": "Fórum",
  "timestamp": "2020-10-11T13:36:20.930Z"
}
2020-10-11T13:36:21.596Z [grade-api] info: Chanlange API Started
2020-10-11T13:36:45.522Z [grade-api] info: Chanlange API Started
2020-10-11T13:36:59.316Z [grade-api] info: POST /grade {
  "id": 53,
  "student": "João da Silva",
  "subject": "Subject 1",
  "type": "Type 1",
  "value": "15",
  "timestamp": "2020-10-11T13:36:59.312Z"
}
2020-10-11T13:36:59.987Z [grade-api] info: Chanlange API Started
2020-10-11T13:38:03.572Z [grade-api] info: GET /grade/:id {
  "id": 49,
  "student": "Thales Baliero Takáo",
  "subject": "01 - JavaScript",
  "type": "Fórum",
  "value": 3,
  "timestamp": "2020-10-09T16:56:12.947Z"
}
2020-10-11T13:38:05.264Z [grade-api] info: GET /grade/:id {
  "id": 49,
  "student": "Thales Baliero Takáo",
  "subject": "01 - JavaScript",
  "type": "Fórum",
  "value": 3,
  "timestamp": "2020-10-09T16:56:12.947Z"
}
2020-10-11T13:46:59.971Z [grade-api] info: Chanlange API Started
2020-10-11T13:52:19.829Z [grade-api] info: Chanlange API Started
2020-10-11T13:52:41.440Z [grade-api] info: Chanlange API Started
2020-10-11T14:01:14.915Z [grade-api] info: Chanlange API Started
2020-10-11T14:02:22.572Z [grade-api] info: Chanlange API Started
2020-10-11T14:03:57.051Z [grade-api] info: Chanlange API Started
2020-10-11T14:04:06.541Z [grade-api] info: Chanlange API Started
2020-10-11T14:04:15.303Z [grade-api] info: Chanlange API Started
2020-10-11T14:04:34.871Z [grade-api] info: Chanlange API Started
2020-10-11T14:15:23.751Z [grade-api] info: Chanlange API Started
2020-10-11T14:16:52.932Z [grade-api] info: Chanlange API Started
2020-10-11T14:17:36.801Z [grade-api] info: Chanlange API Started
2020-10-11T14:18:07.267Z [grade-api] info: Chanlange API Started
2020-10-11T14:18:44.076Z [grade-api] info: Chanlange API Started
2020-10-11T14:18:48.158Z [grade-api] info: Chanlange API Started
2020-10-11T14:19:24.605Z [grade-api] info: Chanlange API Started
2020-10-11T14:19:32.223Z [grade-api] info: Chanlange API Started
2020-10-11T14:19:47.443Z [grade-api] info: Chanlange API Started
2020-10-11T14:50:18.141Z [grade-api] info: Chanlange API Started
2020-10-11T14:52:40.002Z [grade-api] info: Chanlange API Started
2020-10-11T14:56:02.669Z [grade-api] info: Chanlange API Started
2020-10-11T14:56:23.373Z [grade-api] info: Chanlange API Started
2020-10-11T14:56:34.104Z [grade-api] info: Chanlange API Started
2020-10-11T14:56:40.651Z [grade-api] info: Chanlange API Started
2020-10-11T14:57:20.814Z [grade-api] info: Chanlange API Started
2020-10-11T14:58:34.718Z [grade-api] info: Chanlange API Started
2020-10-11T15:00:21.811Z [grade-api] info: Chanlange API Started
2020-10-11T15:02:31.969Z [grade-api] info: Chanlange API Started
2020-10-11T15:02:49.740Z [grade-api] info: Chanlange API Started
2020-10-11T15:03:16.162Z [grade-api] info: Chanlange API Started
2020-10-11T15:05:37.745Z [grade-api] info: Chanlange API Started
2020-10-11T15:05:49.538Z [grade-api] info: Chanlange API Started
2020-10-11T15:06:00.588Z [grade-api] info: Chanlange API Started
2020-10-11T15:06:34.489Z [grade-api] info: Chanlange API Started
2020-10-11T15:08:30.735Z [grade-api] info: Chanlange API Started
2020-10-11T15:10:12.725Z [grade-api] info: Chanlange API Started
2020-10-11T15:14:07.386Z [grade-api] info: Chanlange API Started
2020-10-11T15:15:28.936Z [grade-api] info: Chanlange API Started
2020-10-11T15:15:42.235Z [grade-api] info: DELETE /grade/:id 4
2020-10-11T15:15:43.053Z [grade-api] info: Chanlange API Started
2020-10-11T15:15:50.483Z [grade-api] error: DELETE /grade - O registro solicitado para exclusão não existe.
2020-10-11T15:15:58.075Z [grade-api] info: DELETE /grade/:id 5
2020-10-11T15:15:58.124Z [grade-api] error: DELETE /grade - O registro solicitado para exclusão não existe.
2020-10-11T15:15:58.977Z [grade-api] info: Chanlange API Started
2020-10-11T15:16:41.819Z [grade-api] info: Chanlange API Started
2020-10-11T15:17:14.074Z [grade-api] info: Chanlange API Started
2020-10-11T15:17:51.754Z [grade-api] info: Chanlange API Started
2020-10-11T15:17:56.730Z [grade-api] info: Chanlange API Started
2020-10-11T15:18:55.046Z [grade-api] info: Chanlange API Started
2020-10-11T15:19:02.284Z [grade-api] info: DELETE /grade/:id 7
2020-10-11T15:19:02.885Z [grade-api] info: Chanlange API Started
2020-10-11T15:19:06.884Z [grade-api] info: DELETE /grade/:id 6
2020-10-11T15:19:07.479Z [grade-api] info: Chanlange API Started
2020-10-11T15:19:35.610Z [grade-api] info: DELETE /grade/:id 12
2020-10-11T15:19:36.192Z [grade-api] info: Chanlange API Started
2020-10-11T15:19:42.281Z [grade-api] info: DELETE /grade/:id 52
2020-10-11T15:19:42.855Z [grade-api] info: Chanlange API Started
2020-10-11T15:20:02.720Z [grade-api] info: DELETE /grade/:id 10
2020-10-11T15:20:03.309Z [grade-api] info: Chanlange API Started
2020-10-11T15:20:45.366Z [grade-api] info: Chanlange API Started
2020-10-11T15:20:50.971Z [grade-api] info: DELETE /grade/:id 13
2020-10-11T15:20:51.859Z [grade-api] info: Chanlange API Started
2020-10-11T18:07:38.470Z [grade-api] info: Chanlange API Started
2020-10-11T18:11:30.482Z [grade-api] info: Chanlange API Started
2020-10-11T18:13:00.945Z [grade-api] info: Chanlange API Started
2020-10-11T18:13:21.649Z [grade-api] info: Chanlange API Started
2020-10-11T18:13:29.917Z [grade-api] info: GET /grade/:id {
  "id": 8,
  "student": "Loiane Groner",
  "subject": "04 - MongoDB",
  "type": "Trabalho Prático",
  "value": 30,
  "timestamp": "2020-05-19T18:21:24.999Z"
}
2020-10-11T18:13:43.525Z [grade-api] info: Chanlange API Started
2020-10-11T18:13:47.210Z [grade-api] info: GET /grade/:id {
  "id": 8,
  "student": "Loiane Groner",
  "subject": "04 - MongoDB",
  "type": "Trabalho Prático",
  "value": 30,
  "timestamp": "2020-05-19T18:21:24.999Z"
}
2020-10-11T18:14:36.298Z [grade-api] info: Chanlange API Started
2020-10-11T18:14:46.877Z [grade-api] info: GET /grade/:id {
  "id": 8,
  "student": "Loiane Groner",
  "subject": "04 - MongoDB",
  "type": "Trabalho Prático",
  "value": 30,
  "timestamp": "2020-05-19T18:21:24.999Z"
}
2020-10-11T18:17:19.612Z [grade-api] info: Chanlange API Started
2020-10-11T18:17:28.260Z [grade-api] info: Chanlange API Started
2020-10-11T18:22:29.556Z [grade-api] info: Chanlange API Started
2020-10-11T18:22:33.355Z [grade-api] info: GET /grade/:id {
  "id": 8,
  "student": "Loiane Groner",
  "subject": "04 - MongoDB",
  "type": "Trabalho Prático",
  "value": 30,
  "timestamp": "2020-05-19T18:21:24.999Z"
}
2020-10-11T18:22:38.444Z [grade-api] info: GET /grade/:id {
  "id": 9,
  "student": "Loiane Groner",
  "subject": "01 - JavaScript",
  "type": "Desafio",
  "value": 5,
  "timestamp": "2020-05-19T18:21:25.004Z"
}
2020-10-11T18:22:48.032Z [grade-api] info: Chanlange API Started
2020-10-11T18:22:50.652Z [grade-api] info: GET /grade/:id {
  "id": 9,
  "student": "Loiane Groner",
  "subject": "01 - JavaScript",
  "type": "Desafio",
  "value": 5,
  "timestamp": "2020-05-19T18:21:25.004Z"
}
2020-10-11T18:22:54.490Z [grade-api] info: GET /grade/:id {
  "id": 11,
  "student": "Loiane Groner",
  "subject": "03 - React",
  "type": "Desafio",
  "value": 40,
  "timestamp": "2020-05-19T18:21:25.019Z"
}
2020-10-11T18:22:56.546Z [grade-api] info: GET /grade/:id {
  "id": 14,
  "student": "Roberta Arcoverde",
  "subject": "02 - Node",
  "type": "Fórum",
  "value": 16,
  "timestamp": "2020-05-19T18:21:25.039Z"
}
2020-10-11T18:23:25.297Z [grade-api] info: Chanlange API Started
2020-10-11T18:24:22.928Z [grade-api] info: Chanlange API Started
2020-10-11T18:24:27.388Z [grade-api] info: GET /grade/:id {
  "id": 8,
  "student": "Loiane Groner",
  "subject": "04 - MongoDB",
  "type": "Trabalho Prático",
  "value": 30,
  "timestamp": "2020-05-19T18:21:24.999Z"
}
2020-10-11T18:27:21.073Z [grade-api] info: Chanlange API Started
2020-10-11T18:27:42.165Z [grade-api] info: Chanlange API Started
2020-10-11T18:28:07.482Z [grade-api] info: Chanlange API Started
2020-10-11T18:28:15.107Z [grade-api] info: Chanlange API Started
2020-10-11T18:28:40.509Z [grade-api] info: Chanlange API Started
2020-10-11T18:28:55.739Z [grade-api] info: Chanlange API Started
2020-10-11T18:29:02.091Z [grade-api] info: GET /grade/:id {
  "id": 8,
  "student": "Loiane Groner",
  "subject": "04 - MongoDB",
  "type": "Trabalho Prático",
  "value": 30,
  "timestamp": "2020-05-19T18:21:24.999Z"
}
2020-10-11T18:29:40.093Z [grade-api] info: Chanlange API Started
2020-10-11T18:29:43.520Z [grade-api] info: Chanlange API Started
2020-10-11T18:29:45.736Z [grade-api] info: GET /grade/:id {
  "id": 11,
  "student": "Loiane Groner",
  "subject": "03 - React",
  "type": "Desafio",
  "value": 40,
  "timestamp": "2020-05-19T18:21:25.019Z"
}
2020-10-11T18:34:35.537Z [grade-api] info: Chanlange API Started
2020-10-11T18:36:39.282Z [grade-api] info: Chanlange API Started
2020-10-11T18:36:42.491Z [grade-api] info: GET /grade/:id {
  "id": 9,
  "student": "Loiane Groner",
  "subject": "01 - JavaScript",
  "type": "Desafio",
  "value": 5,
  "timestamp": "2020-05-19T18:21:25.004Z"
}
2020-10-11T18:37:06.689Z [grade-api] info: Chanlange API Started
2020-10-11T18:37:10.036Z [grade-api] info: GET /grade/:id {
  "id": 9,
  "student": "Loiane Groner",
  "subject": "01 - JavaScript",
  "type": "Desafio",
  "value": 5,
  "timestamp": "2020-05-19T18:21:25.004Z"
}
2020-10-11T18:37:27.038Z [grade-api] info: GET /grade/:id {
  "id": 16,
  "student": "Roberta Arcoverde",
  "subject": "04 - MongoDB",
  "type": "Fórum",
  "value": 7,
  "timestamp": "2020-05-19T18:21:25.053Z"
}
2020-10-11T18:37:38.568Z [grade-api] info: Chanlange API Started
2020-10-11T18:37:41.515Z [grade-api] info: GET /grade/:id {
  "id": 9,
  "student": "Loiane Groner",
  "subject": "01 - JavaScript",
  "type": "Desafio",
  "value": 5,
  "timestamp": "2020-05-19T18:21:25.004Z"
}
2020-10-11T18:52:19.364Z [grade-api] info: Chanlange API Started
2020-10-11T18:52:25.060Z [grade-api] info: GET /grade/:id {
  "id": 9,
  "student": "Loiane Groner",
  "subject": "01 - JavaScript",
  "type": "Desafio",
  "value": 5,
  "timestamp": "2020-05-19T18:21:25.004Z"
}
2020-10-11T18:59:05.027Z [grade-api] info: Chanlange API Started
2020-10-11T19:01:35.247Z [grade-api] info: Chanlange API Started
2020-10-11T19:01:39.410Z [grade-api] info: GET /grade/:id {
  "id": 9,
  "student": "Loiane Groner",
  "subject": "01 - JavaScript",
  "type": "Desafio",
  "value": 5,
  "timestamp": "2020-05-19T18:21:25.004Z"
}
2020-10-11T19:01:51.380Z [grade-api] info: PUT /grade {
  "id": 9,
  "student": "Loiane Groner",
  "subject": "01 - JavaScript",
  "type": "Desafio",
  "value": "10",
  "timestamp": "2020-05-19T18:21:25.004Z",
  "studente": "Loiane Groner"
}
2020-10-11T19:01:51.967Z [grade-api] info: Chanlange API Started
2020-10-11T19:01:58.247Z [grade-api] info: POST /grade {
  "id": 54,
  "student": "Loiane Groner",
  "subject": "01 - JavaScript",
  "type": "Desafio",
  "value": "10",
  "timestamp": "2020-10-11T19:01:58.242Z"
}
2020-10-11T19:01:58.773Z [grade-api] info: Chanlange API Started
2020-10-11T19:02:25.452Z [grade-api] info: GET /grade/:id {
  "id": 9,
  "student": "Loiane Groner",
  "subject": "01 - JavaScript",
  "type": "Desafio",
  "value": "10",
  "timestamp": "2020-05-19T18:21:25.004Z",
  "studente": "Loiane Groner"
}
2020-10-11T19:03:08.145Z [grade-api] info: Chanlange API Started
2020-10-11T19:03:10.747Z [grade-api] info: GET /grade/:id {
  "id": 9,
  "student": "Loiane Groner",
  "subject": "01 - JavaScript",
  "type": "Desafio",
  "value": "10",
  "timestamp": "2020-05-19T18:21:25.004Z",
  "studente": "Loiane Groner"
}
2020-10-11T19:03:15.495Z [grade-api] info: PUT /grade {
  "id": 9,
  "student": "Loiane Groner",
  "subject": "01 - JavaScript",
  "type": "Desafio",
  "value": "15",
  "timestamp": "2020-05-19T18:21:25.004Z",
  "studente": "Loiane Groner"
}
2020-10-11T19:03:16.090Z [grade-api] info: Chanlange API Started
2020-10-11T19:04:22.217Z [grade-api] info: Chanlange API Started
2020-10-11T19:04:25.696Z [grade-api] info: GET /grade/:id {
  "id": 11,
  "student": "Loiane Groner",
  "subject": "03 - React",
  "type": "Desafio",
  "value": 40,
  "timestamp": "2020-05-19T18:21:25.019Z"
}
2020-10-11T19:04:30.727Z [grade-api] info: PUT /grade {
  "id": 11,
  "student": "Loiane Groner",
  "subject": "03 - React",
  "type": "Desafio",
  "value": "35",
  "timestamp": "2020-05-19T18:21:25.019Z",
  "studente": "Loiane Groner"
}
2020-10-11T19:04:31.290Z [grade-api] info: Chanlange API Started
2020-10-11T19:04:46.616Z [grade-api] info: DELETE /grade/:id 15
2020-10-11T19:04:47.160Z [grade-api] info: Chanlange API Started
2020-10-11T19:04:54.924Z [grade-api] info: GET /grade/:id {
  "id": 9,
  "student": "Loiane Groner",
  "subject": "01 - JavaScript",
  "type": "Desafio",
  "value": "15",
  "timestamp": "2020-05-19T18:21:25.004Z",
  "studente": "Loiane Groner"
}
2020-10-11T19:04:59.613Z [grade-api] info: PUT /grade {
  "id": 9,
  "student": "Loiane Groner",
  "subject": "01 - JavaScript",
  "type": "Desafio",
  "value": "10",
  "timestamp": "2020-05-19T18:21:25.004Z",
  "studente": "Loiane Groner"
}
2020-10-11T19:05:00.222Z [grade-api] info: Chanlange API Started
2020-10-11T19:06:42.100Z [grade-api] info: Chanlange API Started
2020-10-11T19:06:46.722Z [grade-api] info: GET /grade/:id {
  "id": 11,
  "student": "Loiane Groner",
  "subject": "03 - React",
  "type": "Desafio",
  "value": "35",
  "timestamp": "2020-05-19T18:21:25.019Z",
  "studente": "Loiane Groner"
}
2020-10-11T19:06:50.020Z [grade-api] info: PUT /grade {
  "id": 11,
  "student": "Loiane Groner",
  "subject": "03 - React",
  "type": "Desafio",
  "value": "30",
  "timestamp": "2020-05-19T18:21:25.019Z",
  "studente": "Loiane Groner"
}
2020-10-11T19:06:50.637Z [grade-api] info: Chanlange API Started
2020-10-11T19:10:41.115Z [grade-api] info: Chanlange API Started
2020-10-11T19:10:49.368Z [grade-api] info: Chanlange API Started
2020-10-11T19:10:51.355Z [grade-api] info: GET /grade/:id {
  "id": 9,
  "student": "Loiane Groner",
  "subject": "01 - JavaScript",
  "type": "Desafio",
  "value": "10",
  "timestamp": "2020-05-19T18:21:25.004Z",
  "studente": "Loiane Groner"
}
2020-10-11T19:11:04.818Z [grade-api] info: GET /grade/:id {
  "id": 11,
  "student": "Loiane Groner",
  "subject": "03 - React",
  "type": "Desafio",
  "value": "30",
  "timestamp": "2020-05-19T18:21:25.019Z",
  "studente": "Loiane Groner"
}
2020-10-11T19:11:07.788Z [grade-api] error: PUT /grade - Id, student, subject, type e value são obrigatórios
2020-10-11T19:22:24.393Z [grade-api] info: Chanlange API Started
2020-10-11T19:24:15.727Z [grade-api] info: Chanlange API Started
2020-10-11T19:26:36.007Z [grade-api] info: Chanlange API Started
2020-10-11T19:28:44.172Z [grade-api] info: Chanlange API Started
2020-10-11T19:29:08.514Z [grade-api] info: Chanlange API Started
2020-10-11T19:29:24.624Z [grade-api] info: Chanlange API Started
2020-10-11T19:29:53.200Z [grade-api] info: Chanlange API Started
2020-10-11T19:29:59.339Z [grade-api] info: Chanlange API Started
2020-10-11T19:30:22.931Z [grade-api] info: Chanlange API Started
2020-10-11T19:30:59.241Z [grade-api] info: Chanlange API Started
2020-10-11T19:31:03.916Z [grade-api] info: GET /grade/:id {
  "id": 11,
  "student": "Loiane Groner",
  "subject": "03 - React",
  "type": "Desafio",
  "value": "30",
  "timestamp": "2020-05-19T18:21:25.019Z",
  "studente": "Loiane Groner"
}
2020-10-11T19:31:47.151Z [grade-api] info: Chanlange API Started
2020-10-11T19:31:53.940Z [grade-api] info: GET /grade/:id {
  "id": 11,
  "student": "Loiane Groner",
  "subject": "03 - React",
  "type": "Desafio",
  "value": "30",
  "timestamp": "2020-05-19T18:21:25.019Z",
  "studente": "Loiane Groner"
}
2020-10-11T19:32:05.931Z [grade-api] info: Chanlange API Started
2020-10-11T19:32:12.931Z [grade-api] info: GET /grade/:id {
  "id": 11,
  "student": "Loiane Groner",
  "subject": "03 - React",
  "type": "Desafio",
  "value": "30",
  "timestamp": "2020-05-19T18:21:25.019Z",
  "studente": "Loiane Groner"
}
2020-10-11T19:32:19.546Z [grade-api] info: Chanlange API Started
2020-10-11T19:32:24.062Z [grade-api] info: GET /grade/:id {
  "id": 11,
  "student": "Loiane Groner",
  "subject": "03 - React",
  "type": "Desafio",
  "value": "30",
  "timestamp": "2020-05-19T18:21:25.019Z",
  "studente": "Loiane Groner"
}
2020-10-11T19:34:30.346Z [grade-api] info: Chanlange API Started
2020-10-11T19:34:32.796Z [grade-api] info: GET /grade/:id {
  "id": 11,
  "student": "Loiane Groner",
  "subject": "03 - React",
  "type": "Desafio",
  "value": "30",
  "timestamp": "2020-05-19T18:21:25.019Z",
  "studente": "Loiane Groner"
}
2020-10-11T19:35:13.118Z [grade-api] info: Chanlange API Started
2020-10-11T19:35:17.531Z [grade-api] info: GET /grade/:id {
  "id": 11,
  "student": "Loiane Groner",
  "subject": "03 - React",
  "type": "Desafio",
  "value": "30",
  "timestamp": "2020-05-19T18:21:25.019Z",
  "studente": "Loiane Groner"
}
2020-10-11T19:36:45.665Z [grade-api] info: Chanlange API Started
2020-10-11T19:36:48.731Z [grade-api] info: GET /grade/:id {
  "id": 11,
  "student": "Loiane Groner",
  "subject": "03 - React",
  "type": "Desafio",
  "value": "30",
  "timestamp": "2020-05-19T18:21:25.019Z",
  "studente": "Loiane Groner"
}
2020-10-11T19:37:04.412Z [grade-api] info: GET /grade/:id {
  "id": 11,
  "student": "Loiane Groner",
  "subject": "03 - React",
  "type": "Desafio",
  "value": "30",
  "timestamp": "2020-05-19T18:21:25.019Z",
  "studente": "Loiane Groner"
}
2020-10-11T19:37:23.305Z [grade-api] info: Chanlange API Started
2020-10-11T19:37:26.645Z [grade-api] info: GET /grade/:id {
  "id": 11,
  "student": "Loiane Groner",
  "subject": "03 - React",
  "type": "Desafio",
  "value": "30",
  "timestamp": "2020-05-19T18:21:25.019Z",
  "studente": "Loiane Groner"
}
2020-10-11T19:38:33.635Z [grade-api] info: Chanlange API Started
2020-10-11T19:38:37.396Z [grade-api] info: GET /grade/:id {
  "id": 11,
  "student": "Loiane Groner",
  "subject": "03 - React",
  "type": "Desafio",
  "value": "30",
  "timestamp": "2020-05-19T18:21:25.019Z",
  "studente": "Loiane Groner"
}
2020-10-11T19:39:49.216Z [grade-api] info: Chanlange API Started
2020-10-11T19:39:53.326Z [grade-api] info: GET /grade/:id {
  "id": 11,
  "student": "Loiane Groner",
  "subject": "03 - React",
  "type": "Desafio",
  "value": "30",
  "timestamp": "2020-05-19T18:21:25.019Z",
  "studente": "Loiane Groner"
}
2020-10-11T19:40:20.120Z [grade-api] info: Chanlange API Started
2020-10-11T19:40:27.212Z [grade-api] info: Chanlange API Started
2020-10-11T19:40:32.012Z [grade-api] info: GET /grade/:id {
  "id": 11,
  "student": "Loiane Groner",
  "subject": "03 - React",
  "type": "Desafio",
  "value": "30",
  "timestamp": "2020-05-19T18:21:25.019Z",
  "studente": "Loiane Groner"
}
2020-10-11T19:41:29.356Z [grade-api] info: GET /grade/:id {
  "id": 9,
  "student": "Loiane Groner",
  "subject": "01 - JavaScript",
  "type": "Desafio",
  "value": "10",
  "timestamp": "2020-05-19T18:21:25.004Z",
  "studente": "Loiane Groner"
}
2020-10-11T19:41:32.474Z [grade-api] info: PUT /grade {
  "id": 9,
  "student": "Loiane Groner",
  "subject": "01 - JavaScript",
  "type": "Desafio",
  "value": "10",
  "timestamp": "2020-05-19T18:21:25.004Z",
  "studente": "Loiane Groner"
}
2020-10-11T19:41:33.383Z [grade-api] info: Chanlange API Started
2020-10-11T19:44:10.400Z [grade-api] info: Chanlange API Started
2020-10-11T19:44:14.848Z [grade-api] info: Chanlange API Started
2020-10-11T19:44:18.062Z [grade-api] info: GET /grade/:id {
  "id": 11,
  "student": "Loiane Groner",
  "subject": "03 - React",
  "type": "Desafio",
  "value": "30",
  "timestamp": "2020-05-19T18:21:25.019Z",
  "studente": "Loiane Groner"
}
2020-10-11T19:44:25.098Z [grade-api] info: GET /grade/:id undefined
2020-10-11T19:44:45.067Z [grade-api] info: GET /grade/:id undefined
2020-10-11T19:44:49.914Z [grade-api] info: GET /grade/:id undefined
2020-10-11T19:44:53.827Z [grade-api] info: GET /grade/:id undefined
2020-10-11T19:44:57.498Z [grade-api] info: GET /grade/:id {
  "id": 11,
  "student": "Loiane Groner",
  "subject": "03 - React",
  "type": "Desafio",
  "value": "30",
  "timestamp": "2020-05-19T18:21:25.019Z",
  "studente": "Loiane Groner"
}
2020-10-11T19:45:02.082Z [grade-api] info: GET /grade/:id undefined
2020-10-11T19:49:13.474Z [grade-api] info: Chanlange API Started
2020-10-11T19:49:15.627Z [grade-api] error: GET /grade - Não há registro com o ID consultado.
2020-10-11T21:53:17.645Z [grade-api] error: GET /grade - Não há registro com o ID consultado.
2020-10-11T21:54:23.494Z [grade-api] info: Chanlange API Started
2020-10-11T21:54:27.745Z [grade-api] error: GET /grade - Não há registro com o ID consultado.
2020-10-11T21:54:40.696Z [grade-api] info: Chanlange API Started
2020-10-11T21:54:49.500Z [grade-api] info: Chanlange API Started
2020-10-11T21:54:56.127Z [grade-api] error: GET /grade - Não há registro com o ID consultado.
2020-10-11T21:54:59.621Z [grade-api] error: GET /grade - Não há registro com o ID consultado.
2020-10-11T21:55:04.158Z [grade-api] info: GET /grade/:id {
  "id": 9,
  "student": "Loiane Groner",
  "subject": "01 - JavaScript",
  "type": "Desafio",
  "value": "10",
  "timestamp": "2020-05-19T18:21:25.004Z",
  "studente": "Loiane Groner"
}
2020-10-11T21:55:14.253Z [grade-api] error: GET /grade - Não há registro com o ID consultado.
2020-10-11T21:56:12.914Z [grade-api] info: Chanlange API Started
2020-10-11T21:56:18.565Z [grade-api] error: GET /grade - Não há registro com o ID consultado.
2020-10-11T21:56:31.999Z [grade-api] info: Chanlange API Started
2020-10-11T21:56:36.422Z [grade-api] error: GET /grade - Não há registro com o ID consultado.
2020-10-11T21:56:49.657Z [grade-api] info: Chanlange API Started
2020-10-11T22:14:34.675Z [grade-api] info: Chanlange API Started
2020-10-11T22:14:54.207Z [grade-api] info: Chanlange API Started
2020-10-11T22:15:02.614Z [grade-api] error: GET /grade - Não há registro com o ID consultado.
2020-10-11T22:16:59.492Z [grade-api] info: Chanlange API Started
2020-10-11T22:17:54.012Z [grade-api] info: Chanlange API Started
2020-10-11T22:18:37.717Z [grade-api] info: Chanlange API Started
2020-10-11T22:18:44.556Z [grade-api] error: GET /grade - Não há registro com o ID consultado.
2020-10-11T22:18:51.772Z [grade-api] error: GET /grade - Não há registro com o ID consultado.
2020-10-11T22:19:13.180Z [grade-api] error: GET /grade - Não há registro com o ID consultado.
2020-10-11T22:19:15.532Z [grade-api] info: GET /grade/:id {
  "id": 35,
  "student": "Roberto Achar",
  "subject": "03 - React",
  "type": "Desafio",
  "value": 23,
  "timestamp": "2020-05-19T18:21:25.198Z"
}
2020-10-11T22:19:19.172Z [grade-api] info: GET /grade/:id {
  "id": 45,
  "student": "Rodrigo Branas",
  "subject": "01 - JavaScript",
  "type": "Desafio",
  "value": 16,
  "timestamp": "2020-05-19T18:21:25.266Z"
}
2020-10-11T22:19:21.595Z [grade-api] error: GET /grade - Não há registro com o ID consultado.
2020-10-11T22:20:05.030Z [grade-api] info: Chanlange API Started
2020-10-11T22:20:16.323Z [grade-api] info: Chanlange API Started
2020-10-11T22:20:30.275Z [grade-api] info: Chanlange API Started
2020-10-11T22:20:32.093Z [grade-api] info: Chanlange API Started
2020-10-11T22:20:50.714Z [grade-api] info: Chanlange API Started
2020-10-11T22:21:04.361Z [grade-api] info: Chanlange API Started
2020-10-11T22:21:21.657Z [grade-api] info: Chanlange API Started
2020-10-11T22:21:27.564Z [grade-api] info: Chanlange API Started
2020-10-11T22:21:32.647Z [grade-api] info: Chanlange API Started
2020-10-11T22:21:37.928Z [grade-api] info: Chanlange API Started
2020-10-11T22:21:45.487Z [grade-api] info: Chanlange API Started
2020-10-11T22:21:51.322Z [grade-api] info: Chanlange API Started
2020-10-11T22:22:24.697Z [grade-api] info: Chanlange API Started
2020-10-11T22:23:23.301Z [grade-api] info: Chanlange API Started
2020-10-11T22:23:34.291Z [grade-api] info: Chanlange API Started
2020-10-11T22:23:39.230Z [grade-api] info: Chanlange API Started
2020-10-11T22:23:55.760Z [grade-api] info: Chanlange API Started
2020-10-11T22:24:40.093Z [grade-api] info: Chanlange API Started
2020-10-11T22:25:59.872Z [grade-api] info: Chanlange API Started
2020-10-11T22:26:10.372Z [grade-api] info: Chanlange API Started
2020-10-11T22:26:54.635Z [grade-api] info: Chanlange API Started
2020-10-11T22:27:12.204Z [grade-api] info: Chanlange API Started
2020-10-11T22:28:32.699Z [grade-api] info: Chanlange API Started
2020-10-11T22:28:46.582Z [grade-api] info: Chanlange API Started
2020-10-11T22:28:53.111Z [grade-api] info: Chanlange API Started
2020-10-11T22:29:02.095Z [grade-api] info: Chanlange API Started
2020-10-11T22:29:24.537Z [grade-api] info: Chanlange API Started
2020-10-11T22:29:48.018Z [grade-api] info: Chanlange API Started
2020-10-11T22:29:55.828Z [grade-api] info: Chanlange API Started
2020-10-11T22:29:56.432Z [grade-api] info: Chanlange API Started
2020-10-11T22:30:00.355Z [grade-api] info: Chanlange API Started
2020-10-11T22:30:21.932Z [grade-api] info: Chanlange API Started
2020-10-11T22:31:29.753Z [grade-api] info: Chanlange API Started
2020-10-11T22:31:34.339Z [grade-api] info: Chanlange API Started
2020-10-11T22:35:00.266Z [grade-api] info: Chanlange API Started
2020-10-11T22:36:29.916Z [grade-api] info: Chanlange API Started
2020-10-11T22:36:48.656Z [grade-api] info: Chanlange API Started
2020-10-11T22:37:57.450Z [grade-api] info: Chanlange API Started
2020-10-11T22:38:11.734Z [grade-api] info: Chanlange API Started
2020-10-11T22:38:42.359Z [grade-api] info: Chanlange API Started
2020-10-11T22:39:38.453Z [grade-api] info: Chanlange API Started
2020-10-11T22:39:47.509Z [grade-api] info: Chanlange API Started
2020-10-11T22:41:18.827Z [grade-api] info: Chanlange API Started
2020-10-11T22:41:37.629Z [grade-api] info: Chanlange API Started
2020-10-11T22:41:55.262Z [grade-api] info: Chanlange API Started
2020-10-11T22:42:02.424Z [grade-api] info: Chanlange API Started
2020-10-11T22:43:39.998Z [grade-api] info: GET /subject 04 - MongoDB,01 - JavaScript,03 - React,02 - Node,Subject 1
2020-10-11T23:10:19.927Z [grade-api] info: Chanlange API Started
2020-10-11T23:10:26.096Z [grade-api] info: Chanlange API Started
2020-10-11T23:11:39.068Z [grade-api] info: Chanlange API Started
2020-10-11T23:13:07.411Z [grade-api] info: Chanlange API Started
2020-10-11T23:13:31.490Z [grade-api] info: GET /subject 04 - MongoDB,01 - JavaScript,03 - React,02 - Node,Subject 1
2020-10-11T23:13:50.344Z [grade-api] info: Chanlange API Started
2020-10-11T23:14:12.651Z [grade-api] info: GET /subject 04 - MongoDB,01 - JavaScript,03 - React,02 - Node,Subject 1
2020-10-11T23:14:37.557Z [grade-api] info: Chanlange API Started
2020-10-11T23:14:42.228Z [grade-api] info: GET /subject 04 - MongoDB,01 - JavaScript,03 - React,02 - Node,Subject 1
2020-10-11T23:14:56.439Z [grade-api] info: Chanlange API Started
2020-10-11T23:15:27.674Z [grade-api] info: Chanlange API Started
2020-10-11T23:15:28.419Z [grade-api] info: GET /subject 04 - MongoDB,01 - JavaScript,03 - React,02 - Node,Subject 1
2020-10-11T23:16:09.676Z [grade-api] info: Chanlange API Started
2020-10-11T23:16:11.388Z [grade-api] info: GET /subject 04 - MongoDB,01 - JavaScript,03 - React,02 - Node,Subject 1
2020-10-11T23:16:45.245Z [grade-api] info: Chanlange API Started
2020-10-11T23:16:50.417Z [grade-api] info: GET /subject 04 - MongoDB,01 - JavaScript,03 - React,02 - Node,Subject 1
2020-10-11T23:17:16.999Z [grade-api] info: Chanlange API Started
2020-10-11T23:17:17.772Z [grade-api] info: GET /subject 04 - MongoDB,01 - JavaScript,03 - React,02 - Node,Subject 1
2020-10-11T23:17:38.095Z [grade-api] info: Chanlange API Started
2020-10-11T23:17:39.098Z [grade-api] info: GET /subject 04 - MongoDB,01 - JavaScript,03 - React,02 - Node,Subject 1
2020-10-11T23:18:40.124Z [grade-api] info: GET /subject 04 - MongoDB,01 - JavaScript,03 - React,02 - Node,Subject 1
2020-10-11T23:18:50.357Z [grade-api] info: GET /subject 04 - MongoDB,01 - JavaScript,03 - React,02 - Node,Subject 1
2020-10-11T23:27:56.188Z [grade-api] info: Chanlange API Started
2020-10-11T23:28:26.554Z [grade-api] info: Chanlange API Started
2020-10-11T23:29:19.115Z [grade-api] info: Chanlange API Started
2020-10-11T23:29:42.382Z [grade-api] info: GET /subject 04 - MongoDB,01 - JavaScript,03 - React,02 - Node,Subject 1
2020-10-11T23:29:58.260Z [grade-api] info: GET /subject 04 - MongoDB,01 - JavaScript,03 - React,02 - Node,Subject 1
2020-10-11T23:30:27.495Z [grade-api] info: Chanlange API Started
2020-10-11T23:30:30.617Z [grade-api] info: GET /subject 04 - MongoDB,01 - JavaScript,03 - React,02 - Node,Subject 1
2020-10-11T23:31:21.172Z [grade-api] info: Chanlange API Started
2020-10-11T23:31:50.185Z [grade-api] info: Chanlange API Started
2020-10-11T23:31:54.625Z [grade-api] info: Chanlange API Started
2020-10-11T23:31:59.250Z [grade-api] info: GET /subject 04 - MongoDB,01 - JavaScript,03 - React,02 - Node,Subject 1
2020-10-11T23:33:55.923Z [grade-api] info: Chanlange API Started
2020-10-11T23:34:34.664Z [grade-api] info: Chanlange API Started
2020-10-11T23:35:13.098Z [grade-api] info: GET /subject 04 - MongoDB,01 - JavaScript,03 - React,02 - Node,Subject 1
2020-10-11T23:35:40.233Z [grade-api] info: Chanlange API Started
2020-10-11T23:35:42.520Z [grade-api] info: GET /subject 04 - MongoDB,01 - JavaScript,03 - React,02 - Node,Subject 1
2020-10-11T23:36:10.094Z [grade-api] info: Chanlange API Started
2020-10-11T23:36:21.119Z [grade-api] info: GET /subject 04 - MongoDB,01 - JavaScript,03 - React,02 - Node,Subject 1
2020-10-11T23:36:58.611Z [grade-api] info: Chanlange API Started
2020-10-11T23:37:00.751Z [grade-api] info: GET /subject 04 - MongoDB,01 - JavaScript,03 - React,02 - Node,Subject 1
2020-10-11T23:37:06.658Z [grade-api] info: Chanlange API Started
2020-10-11T23:37:27.643Z [grade-api] info: Chanlange API Started
2020-10-11T23:37:29.226Z [grade-api] info: GET /subject 04 - MongoDB,01 - JavaScript,03 - React,02 - Node,Subject 1
2020-10-11T23:37:56.326Z [grade-api] info: Chanlange API Started
2020-10-11T23:38:02.644Z [grade-api] info: Chanlange API Started
2020-10-11T23:38:05.973Z [grade-api] info: GET /subject 04 - MongoDB,01 - JavaScript,03 - React,02 - Node,Subject 1
2020-10-11T23:38:40.365Z [grade-api] info: Chanlange API Started
2020-10-11T23:38:42.819Z [grade-api] info: GET /subject 04 - MongoDB,01 - JavaScript,03 - React,02 - Node,Subject 1
2020-10-11T23:39:22.272Z [grade-api] info: Chanlange API Started
2020-10-11T23:39:24.339Z [grade-api] info: GET /subject 04 - MongoDB,01 - JavaScript,03 - React,02 - Node,Subject 1
2020-10-11T23:39:59.157Z [grade-api] info: Chanlange API Started
2020-10-11T23:40:02.394Z [grade-api] info: GET /subject 04 - MongoDB,01 - JavaScript,03 - React,02 - Node,Subject 1
2020-10-11T23:40:33.212Z [grade-api] info: GET /subject 04 - MongoDB,01 - JavaScript,03 - React,02 - Node,Subject 1
2020-10-11T23:41:39.434Z [grade-api] info: GET /subject 04 - MongoDB,01 - JavaScript,03 - React,02 - Node,Subject 1
2020-10-11T23:41:56.044Z [grade-api] info: GET /subject 04 - MongoDB,01 - JavaScript,03 - React,02 - Node,Subject 1
2020-10-11T23:42:51.002Z [grade-api] info: GET /subject 04 - MongoDB,01 - JavaScript,03 - React,02 - Node,Subject 1
2020-10-11T23:44:34.642Z [grade-api] info: GET /subject 04 - MongoDB,01 - JavaScript,03 - React,02 - Node,Subject 1
2020-10-11T23:44:44.547Z [grade-api] info: GET /subject 04 - MongoDB,01 - JavaScript,03 - React,02 - Node,Subject 1
2020-10-11T23:48:25.627Z [grade-api] info: Chanlange API Started
2020-10-11T23:49:09.336Z [grade-api] info: Chanlange API Started
2020-10-11T23:50:05.976Z [grade-api] info: Chanlange API Started
2020-10-11T23:51:11.924Z [grade-api] info: Chanlange API Started
2020-10-11T23:52:12.289Z [grade-api] info: Chanlange API Started
2020-10-11T23:53:21.132Z [grade-api] info: Chanlange API Started
2020-10-11T23:54:42.771Z [grade-api] info: Chanlange API Started
2020-10-11T23:55:04.566Z [grade-api] info: Chanlange API Started
2020-10-11T23:56:39.963Z [grade-api] info: Chanlange API Started
2020-10-11T23:56:48.333Z [grade-api] info: Chanlange API Started
2020-10-11T23:58:01.817Z [grade-api] info: Chanlange API Started
2020-10-11T23:59:34.876Z [grade-api] info: Chanlange API Started
2020-10-12T00:00:34.995Z [grade-api] info: Chanlange API Started
2020-10-12T00:00:38.694Z [grade-api] info: GET /subject 04 - MongoDB,01 - JavaScript,03 - React,02 - Node,Subject 1
2020-10-12T00:00:57.329Z [grade-api] info: GET /grade/total-value {
  "student": "Roberta Arcoverde",
  "subject": "01 - JavaScript",
  "total": 28
}
2020-10-12T00:01:29.988Z [grade-api] info: Chanlange API Started
2020-10-12T00:01:40.362Z [grade-api] info: GET /subject 04 - MongoDB,01 - JavaScript,03 - React,02 - Node,Subject 1
2020-10-12T00:01:45.076Z [grade-api] error: GET /grade - Student e subject são obrigatórios
2020-10-12T00:02:06.008Z [grade-api] info: GET /grade/total-value {
  "student": "Thales Baliero Takáo",
  "subject": "01 - JavaScript",
  "total": 83
}
2020-10-12T00:02:08.183Z [grade-api] info: GET /grade/total-value {
  "student": "Thales Baliero Takáo",
  "subject": "01 - JavaScript",
  "total": 83
}
2020-10-12T00:02:31.265Z [grade-api] info: Chanlange API Started
2020-10-12T00:06:06.795Z [grade-api] info: Chanlange API Started
2020-10-12T00:06:12.032Z [grade-api] info: GET /subject 04 - MongoDB,01 - JavaScript,03 - React,02 - Node,Subject 1
2020-10-12T00:06:15.301Z [grade-api] error: GET /grade - Student e subject são obrigatórios
2020-10-12T00:07:58.385Z [grade-api] info: Chanlange API Started
2020-10-12T00:12:58.910Z [grade-api] info: Chanlange API Started
2020-10-12T00:15:40.193Z [grade-api] info: Chanlange API Started
2020-10-12T00:15:46.131Z [grade-api] info: Chanlange API Started
2020-10-12T00:15:49.190Z [grade-api] info: GET /subject 04 - MongoDB,01 - JavaScript,03 - React,02 - Node,Subject 1
2020-10-12T00:16:11.917Z [grade-api] info: GET /grade/total-value {
  "student": "Roberta Acoverde",
  "subject": "01 - JavaScript",
  "total": 0
}
2020-10-12T00:16:39.312Z [grade-api] info: Chanlange API Started
2020-10-12T00:16:40.841Z [grade-api] info: GET /subject 04 - MongoDB,01 - JavaScript,03 - React,02 - Node,Subject 1
2020-10-12T00:16:50.669Z [grade-api] info: GET /grade/total-value {
  "student": "Roberta Acoverde",
  "subject": "01 - JavaScript",
  "total": 0
}
2020-10-12T00:17:08.064Z [grade-api] info: Chanlange API Started
2020-10-12T00:17:20.712Z [grade-api] info: GET /grade/total-value {
  "student": "Roberta Arcoverde",
  "subject": "01 - JavaScript",
  "total": 28
}
2020-10-12T00:17:37.501Z [grade-api] info: GET /grade/total-value {
  "student": "Roberta Arcoverde",
  "subject": "01 - JavaScript",
  "total": 28
}
2020-10-12T00:18:33.968Z [grade-api] info: Chanlange API Started
2020-10-12T00:18:34.690Z [grade-api] info: GET /subject 04 - MongoDB,01 - JavaScript,03 - React,02 - Node,Subject 1
2020-10-12T00:18:45.693Z [grade-api] info: GET /grade/total-value {
  "student": "Roberta Arcoverde",
  "subject": "01 - JavaScript",
  "total": 28
}
2020-10-12T00:18:55.392Z [grade-api] info: Chanlange API Started
2020-10-12T00:18:57.228Z [grade-api] info: GET /subject 04 - MongoDB,01 - JavaScript,03 - React,02 - Node,Subject 1
2020-10-12T00:19:04.630Z [grade-api] info: GET /grade/total-value {
  "student": "Roberta Arcoverde",
  "subject": "01 - JavaScript",
  "total": 28
}
2020-10-12T00:19:09.691Z [grade-api] info: GET /grade/total-value {
  "student": "Roberta Arcoverde",
  "subject": "02 - Node",
  "total": 46
}
2020-10-12T00:19:13.748Z [grade-api] info: GET /grade/total-value {
  "student": "Roberta Arcoverde",
  "subject": "03 - React",
  "total": 22
}
2020-10-12T00:19:16.856Z [grade-api] info: GET /grade/total-value {
  "student": "Roberta Arcoverde",
  "subject": "04 - MongoDB",
  "total": 41
}
2020-10-12T00:19:20.149Z [grade-api] info: GET /grade/total-value {
  "student": "Roberta Arcoverde",
  "subject": "Subject 1",
  "total": 0
}
2020-10-12T00:19:24.416Z [grade-api] info: GET /grade/total-value {
  "student": "Roberta Arcoverde",
  "subject": "Subject 1",
  "total": 0
}
2020-10-12T00:19:41.926Z [grade-api] info: GET /grade/total-value {
  "student": "aaaa",
  "subject": "01 - JavaScript",
  "total": 0
}
2020-10-12T00:19:45.592Z [grade-api] info: GET /grade/total-value {
  "student": "Thales Baliero Takáo",
  "subject": "01 - JavaScript",
  "total": 83
}
2020-10-12T14:23:03.792Z [grade-api] info: GET /subject 04 - MongoDB,01 - JavaScript,03 - React,02 - Node,Subject 1
2020-10-12T14:24:00.326Z [grade-api] info: Chanlange API Started
2020-10-12T14:24:26.666Z [grade-api] info: Chanlange API Started
2020-10-12T14:24:39.889Z [grade-api] info: Chanlange API Started
2020-10-12T14:24:40.388Z [grade-api] info: Chanlange API Started
2020-10-12T14:25:34.962Z [grade-api] info: Chanlange API Started
2020-10-12T14:25:40.110Z [grade-api] info: Chanlange API Started
2020-10-12T14:26:16.258Z [grade-api] info: Chanlange API Started
2020-10-12T14:26:51.891Z [grade-api] info: Chanlange API Started
2020-10-12T14:27:02.443Z [grade-api] info: Chanlange API Started
2020-10-12T14:27:31.190Z [grade-api] info: Chanlange API Started
2020-10-12T14:27:49.737Z [grade-api] info: Chanlange API Started
2020-10-12T14:28:07.921Z [grade-api] info: Chanlange API Started
2020-10-12T14:28:28.229Z [grade-api] info: Chanlange API Started
2020-10-12T14:28:31.582Z [grade-api] info: Chanlange API Started
2020-10-12T14:29:23.517Z [grade-api] info: Chanlange API Started
2020-10-12T14:29:34.453Z [grade-api] info: Chanlange API Started
2020-10-12T14:29:56.125Z [grade-api] info: Chanlange API Started
2020-10-12T14:30:04.260Z [grade-api] info: Chanlange API Started
2020-10-12T14:30:19.959Z [grade-api] info: Chanlange API Started
2020-10-12T14:30:56.279Z [grade-api] info: Chanlange API Started
2020-10-12T14:31:25.850Z [grade-api] error: GET /type - type is not defined
2020-10-12T14:31:37.936Z [grade-api] info: Chanlange API Started
2020-10-12T14:31:46.680Z [grade-api] info: Chanlange API Started
2020-10-12T14:32:00.155Z [grade-api] info: Chanlange API Started
2020-10-12T14:32:00.833Z [grade-api] error: GET /type - type is not defined
2020-10-12T14:32:18.284Z [grade-api] info: Chanlange API Started
2020-10-12T14:32:20.048Z [grade-api] error: GET /type - type is not defined
2020-10-12T14:32:26.080Z [grade-api] info: Chanlange API Started
2020-10-12T14:32:26.866Z [grade-api] error: GET /type - type is not defined
2020-10-12T14:33:02.866Z [grade-api] info: Chanlange API Started
2020-10-12T14:33:04.451Z [grade-api] info: GET /type Trabalho Prático,Desafio,Fórum,Type 1
2020-10-12T14:33:34.671Z [grade-api] info: Chanlange API Started
2020-10-12T14:33:36.417Z [grade-api] info: GET /type Desafio,Fórum,Trabalho Prático,Type 1
2020-10-12T14:35:23.331Z [grade-api] info: Chanlange API Started
2020-10-12T14:36:21.514Z [grade-api] info: Chanlange API Started
2020-10-12T14:36:38.866Z [grade-api] info: Chanlange API Started
2020-10-12T14:36:57.369Z [grade-api] info: Chanlange API Started
2020-10-12T14:37:15.273Z [grade-api] info: Chanlange API Started
2020-10-12T14:39:27.133Z [grade-api] info: Chanlange API Started
2020-10-12T14:40:23.729Z [grade-api] info: Chanlange API Started
2020-10-12T14:41:16.179Z [grade-api] info: Chanlange API Started
2020-10-12T14:41:19.211Z [grade-api] info: Chanlange API Started
2020-10-12T14:42:51.034Z [grade-api] info: Chanlange API Started
2020-10-12T14:42:54.647Z [grade-api] info: GET /subject 04 - MongoDB,01 - JavaScript,03 - React,02 - Node,Subject 1
2020-10-12T14:43:37.141Z [grade-api] info: Chanlange API Started
2020-10-12T14:44:06.859Z [grade-api] info: Chanlange API Started
2020-10-12T14:45:26.791Z [grade-api] info: Chanlange API Started
2020-10-12T14:45:31.538Z [grade-api] info: Chanlange API Started
2020-10-12T14:45:33.315Z [grade-api] info: GET /subject 04 - MongoDB,01 - JavaScript,03 - React,02 - Node,Subject 1
2020-10-12T14:45:52.961Z [grade-api] info: Chanlange API Started
2020-10-12T14:45:54.764Z [grade-api] info: GET /subject 04 - MongoDB,01 - JavaScript,03 - React,02 - Node,Subject 1
2020-10-12T14:46:02.761Z [grade-api] info: Chanlange API Started
2020-10-12T14:46:05.889Z [grade-api] info: Chanlange API Started
2020-10-12T14:46:07.132Z [grade-api] info: GET /subject 04 - MongoDB,01 - JavaScript,03 - React,02 - Node,Subject 1
2020-10-12T14:46:07.516Z [grade-api] info: GET /subject 04 - MongoDB,01 - JavaScript,03 - React,02 - Node,Subject 1
2020-10-12T14:46:50.979Z [grade-api] info: Chanlange API Started
2020-10-12T14:47:01.937Z [grade-api] info: Chanlange API Started
2020-10-12T14:47:04.144Z [grade-api] info: GET /subject 04 - MongoDB,01 - JavaScript,03 - React,02 - Node,Subject 1
2020-10-12T14:47:15.047Z [grade-api] info: Chanlange API Started
2020-10-12T14:47:16.406Z [grade-api] info: GET /subject 04 - MongoDB,01 - JavaScript,03 - React,02 - Node,Subject 1
2020-10-12T14:47:38.048Z [grade-api] info: Chanlange API Started
2020-10-12T14:47:38.708Z [grade-api] info: GET /subject 04 - MongoDB,01 - JavaScript,03 - React,02 - Node,Subject 1
2020-10-12T14:47:45.082Z [grade-api] info: Chanlange API Started
2020-10-12T14:56:07.867Z [grade-api] info: Chanlange API Started
2020-10-12T14:56:22.741Z [grade-api] info: Chanlange API Started
2020-10-12T14:56:25.113Z [grade-api] info: GET /subject 04 - MongoDB,01 - JavaScript,03 - React,02 - Node,Subject 1
2020-10-12T14:58:39.432Z [grade-api] info: Chanlange API Started
2020-10-12T14:58:42.123Z [grade-api] info: GET /subject 04 - MongoDB,01 - JavaScript,03 - React,02 - Node,Subject 1
2020-10-12T14:58:42.214Z [grade-api] info: GET /type Desafio,Fórum,Trabalho Prático,Type 1
2020-10-12T14:58:54.235Z [grade-api] info: GET /grade/mean-value {
  "subject": "01 - JavaScript",
  "type": "Desafio",
  "mean": 14862880359442.857
}
2020-10-12T14:59:00.930Z [grade-api] info: GET /grade/mean-value {
  "subject": "01 - JavaScript",
  "type": "Fórum",
  "mean": 6
}
2020-10-12T14:59:03.513Z [grade-api] info: GET /grade/mean-value {
  "subject": "01 - JavaScript",
  "type": "Trabalho Prático",
  "mean": 9
}
2020-10-12T14:59:07.705Z [grade-api] info: GET /grade/mean-value {
  "subject": "01 - JavaScript",
  "type": "Desafio",
  "mean": 14862880359442.857
}
2020-10-12T15:00:55.985Z [grade-api] info: Chanlange API Started
2020-10-12T15:01:04.948Z [grade-api] info: GET /grade/mean-value {
  "subject": "01 - JavaScript",
  "type": "Desafio",
  "mean": 14862880359442.857
}
2020-10-12T15:01:11.526Z [grade-api] info: GET /grade/mean-value {
  "subject": "01 - JavaScript",
  "type": "Fórum",
  "mean": 6
}
2020-10-12T15:01:12.942Z [grade-api] info: GET /grade/mean-value {
  "subject": "01 - JavaScript",
  "type": "Fórum",
  "mean": 6
}
2020-10-12T15:01:29.799Z [grade-api] info: Chanlange API Started
2020-10-12T15:01:33.151Z [grade-api] info: GET /grade/mean-value {
  "subject": "01 - JavaScript",
  "type": "Fórum",
  "mean": 6
}
2020-10-12T15:02:09.689Z [grade-api] info: Chanlange API Started
2020-10-12T15:02:10.822Z [grade-api] error: GET /grade - value is not defined
2020-10-12T15:02:15.001Z [grade-api] error: GET /grade - value is not defined
2020-10-12T15:02:24.792Z [grade-api] info: Chanlange API Started
2020-10-12T15:02:26.719Z [grade-api] info: GET /grade/mean-value {
  "subject": "01 - JavaScript",
  "type": "Fórum",
  "mean": 6
}
2020-10-12T15:02:40.204Z [grade-api] info: Chanlange API Started
2020-10-12T15:02:42.123Z [grade-api] info: GET /grade/mean-value {
  "subject": "01 - JavaScript",
  "type": "Fórum",
  "mean": 6
}
2020-10-12T15:02:45.368Z [grade-api] info: Chanlange API Started
2020-10-12T15:02:45.959Z [grade-api] info: GET /grade/mean-value {
  "subject": "01 - JavaScript",
  "type": "Fórum",
  "mean": 6
}
2020-10-12T15:03:00.245Z [grade-api] info: GET /grade/mean-value {
  "subject": "01 - JavaScript",
  "type": "Desafio",
  "mean": 14862880359442.857
}
2020-10-12T15:03:42.916Z [grade-api] info: Chanlange API Started
2020-10-12T15:03:57.681Z [grade-api] info: Chanlange API Started
2020-10-12T15:04:16.233Z [grade-api] info: Chanlange API Started
2020-10-12T15:04:21.246Z [grade-api] info: GET /subject 04 - MongoDB,01 - JavaScript,03 - React,02 - Node,Subject 1
2020-10-12T15:04:21.331Z [grade-api] info: GET /type Desafio,Fórum,Trabalho Prático,Type 1
2020-10-12T15:04:25.047Z [grade-api] info: GET /grade/:id {
  "id": 11,
  "student": "Loiane Groner",
  "subject": "03 - React",
  "type": "Desafio",
  "value": 30,
  "timestamp": "2020-05-19T18:21:25.019Z",
  "studente": "Loiane Groner"
}
2020-10-12T15:04:29.797Z [grade-api] info: PUT /grade {
  "id": 11,
  "student": "Loiane Groner",
  "subject": "03 - React",
  "type": "Desafio",
  "value": 35,
  "timestamp": "2020-05-19T18:21:25.019Z",
  "studente": "Loiane Groner"
}
2020-10-12T15:04:30.540Z [grade-api] info: Chanlange API Started
2020-10-12T15:04:40.755Z [grade-api] info: GET /grade/mean-value {
  "subject": "01 - JavaScript",
  "type": "Desafio",
  "mean": 1449.5714285714287
}
2020-10-12T15:05:08.289Z [grade-api] info: Chanlange API Started
2020-10-12T15:05:09.100Z [grade-api] info: GET /grade/mean-value {
  "subject": "01 - JavaScript",
  "type": "Desafio",
  "mean": 22.428571428571427
}
2020-10-12T15:18:07.259Z [grade-api] info: Chanlange API Started
2020-10-12T15:19:24.251Z [grade-api] info: Chanlange API Started
2020-10-12T15:19:24.914Z [grade-api] info: GET /subject 04 - MongoDB,01 - JavaScript,03 - React,02 - Node,Subject 1
2020-10-12T15:19:25.012Z [grade-api] info: GET /type Desafio,Fórum,Trabalho Prático,Type 1
2020-10-12T15:21:07.822Z [grade-api] info: GET /subject 04 - MongoDB,01 - JavaScript,03 - React,02 - Node,Subject 1
2020-10-12T15:21:07.949Z [grade-api] info: GET /type Desafio,Fórum,Trabalho Prático,Type 1
2020-10-12T15:21:23.313Z [grade-api] info: GET /subject 04 - MongoDB,01 - JavaScript,03 - React,02 - Node,Subject 1
2020-10-12T15:21:23.469Z [grade-api] info: GET /type Desafio,Fórum,Trabalho Prático,Type 1
2020-10-12T15:21:43.680Z [grade-api] info: Chanlange API Started
2020-10-12T15:21:44.290Z [grade-api] info: GET /subject 04 - MongoDB,01 - JavaScript,03 - React,02 - Node,Subject 1
2020-10-12T15:21:44.416Z [grade-api] info: GET /type Desafio,Fórum,Trabalho Prático,Type 1
2020-10-12T15:22:21.471Z [grade-api] info: GET /subject 04 - MongoDB,01 - JavaScript,03 - React,02 - Node,Subject 1
2020-10-12T15:22:21.594Z [grade-api] info: GET /type Desafio,Fórum,Trabalho Prático,Type 1
2020-10-12T15:23:21.227Z [grade-api] info: Chanlange API Started
2020-10-12T15:23:21.732Z [grade-api] info: GET /subject 04 - MongoDB,01 - JavaScript,03 - React,02 - Node,Subject 1
2020-10-12T15:23:21.823Z [grade-api] info: GET /type Desafio,Fórum,Trabalho Prático,Type 1
2020-10-12T15:23:57.296Z [grade-api] info: GET /subject 04 - MongoDB,01 - JavaScript,03 - React,02 - Node,Subject 1
2020-10-12T15:23:57.411Z [grade-api] info: GET /type Desafio,Fórum,Trabalho Prático,Type 1
2020-10-12T15:24:14.306Z [grade-api] info: Chanlange API Started
2020-10-12T15:24:15.496Z [grade-api] info: GET /subject 04 - MongoDB,01 - JavaScript,03 - React,02 - Node,Subject 1
2020-10-12T15:24:15.769Z [grade-api] info: GET /type Desafio,Fórum,Trabalho Prático,Type 1
2020-10-12T15:26:20.585Z [grade-api] info: Chanlange API Started
2020-10-12T15:26:45.548Z [grade-api] info: Chanlange API Started
2020-10-12T15:26:53.101Z [grade-api] info: Chanlange API Started
2020-10-12T15:27:01.976Z [grade-api] info: Chanlange API Started
2020-10-12T15:27:43.688Z [grade-api] info: Chanlange API Started
2020-10-12T15:27:44.633Z [grade-api] info: GET /subject 04 - MongoDB,01 - JavaScript,03 - React,02 - Node,Subject 1
2020-10-12T15:27:44.728Z [grade-api] info: GET /type Desafio,Fórum,Trabalho Prático,Type 1
2020-10-12T15:27:50.526Z [grade-api] info: GET /grade/better-grades [
  {
    "id": 25,
    "student": "Roberto Achar",
    "subject": "01 - JavaScript",
    "type": "Fórum",
    "value": 9,
    "timestamp": "2020-05-19T18:21:25.113Z"
  },
  {
    "id": 37,
    "student": "Rodrigo Branas",
    "subject": "01 - JavaScript",
    "type": "Fórum",
    "value": 6,
    "timestamp": "2020-05-19T18:21:25.211Z"
  },
  {
    "id": 49,
    "student": "Thales Baliero Takáo",
    "subject": "01 - JavaScript",
    "type": "Fórum",
    "value": 3,
    "timestamp": "2020-10-09T16:56:12.947Z"
  }
]
2020-10-12T16:17:27.312Z [grade-api] info: Chanlange API Started
2020-10-12T16:17:51.468Z [grade-api] info: Chanlange API Started
2020-10-12T16:21:23.758Z [grade-api] info: Chanlange API Started
2020-10-12T16:21:30.479Z [grade-api] info: Chanlange API Started
2020-10-12T16:21:30.978Z [grade-api] info: GET /subject 04 - MongoDB,01 - JavaScript,03 - React,02 - Node,Subject 1
2020-10-12T16:21:31.079Z [grade-api] info: GET /type Desafio,Fórum,Trabalho Prático,Type 1
2020-10-12T16:21:35.534Z [grade-api] info: GET /grade/better-grades [
  {
    "id": 50,
    "student": "Thales Baliero Takáo",
    "subject": "01 - JavaScript",
    "type": "Desafio",
    "value": 40,
    "timestamp": "2020-10-09T22:12:46.464Z"
  },
  {
    "id": 51,
    "student": "Thales Baliero Takáo",
    "subject": "01 - JavaScript",
    "type": "Desafio",
    "value": 40,
    "timestamp": "2020-10-11T13:28:17.709Z"
  },
  {
    "id": 33,
    "student": "Roberto Achar",
    "subject": "01 - JavaScript",
    "type": "Desafio",
    "value": 25,
    "timestamp": "2020-05-19T18:21:25.184Z"
  }
]
2020-10-12T16:21:48.822Z [grade-api] info: Chanlange API Started
2020-10-12T16:21:49.285Z [grade-api] info: GET /subject 04 - MongoDB,01 - JavaScript,03 - React,02 - Node,Subject 1
2020-10-12T16:21:49.386Z [grade-api] info: GET /type Desafio,Fórum,Trabalho Prático,Type 1
2020-10-12T16:21:55.199Z [grade-api] info: GET /grade/better-grades [
  {
    "id": 25,
    "student": "Roberto Achar",
    "subject": "01 - JavaScript",
    "type": "Fórum",
    "value": 9,
    "timestamp": "2020-05-19T18:21:25.113Z"
  },
  {
    "id": 37,
    "student": "Rodrigo Branas",
    "subject": "01 - JavaScript",
    "type": "Fórum",
    "value": 6,
    "timestamp": "2020-05-19T18:21:25.211Z"
  },
  {
    "id": 49,
    "student": "Thales Baliero Takáo",
    "subject": "01 - JavaScript",
    "type": "Fórum",
    "value": 3,
    "timestamp": "2020-10-09T16:56:12.947Z"
  }
]
2020-10-12T16:22:11.889Z [grade-api] info: GET /subject 04 - MongoDB,01 - JavaScript,03 - React,02 - Node,Subject 1
2020-10-12T16:22:11.946Z [grade-api] info: GET /type Desafio,Fórum,Trabalho Prático,Type 1
2020-10-12T16:22:17.483Z [grade-api] info: GET /grade/better-grades []
2020-10-12T16:22:20.461Z [grade-api] info: GET /grade/better-grades [
  {
    "id": 25,
    "student": "Roberto Achar",
    "subject": "01 - JavaScript",
    "type": "Fórum",
    "value": 9,
    "timestamp": "2020-05-19T18:21:25.113Z"
  },
  {
    "id": 37,
    "student": "Rodrigo Branas",
    "subject": "01 - JavaScript",
    "type": "Fórum",
    "value": 6,
    "timestamp": "2020-05-19T18:21:25.211Z"
  },
  {
    "id": 49,
    "student": "Thales Baliero Takáo",
    "subject": "01 - JavaScript",
    "type": "Fórum",
    "value": 3,
    "timestamp": "2020-10-09T16:56:12.947Z"
  }
]
2020-10-12T16:22:23.245Z [grade-api] info: GET /grade/better-grades [
  {
    "id": 50,
    "student": "Thales Baliero Takáo",
    "subject": "01 - JavaScript",
    "type": "Desafio",
    "value": 40,
    "timestamp": "2020-10-09T22:12:46.464Z"
  },
  {
    "id": 51,
    "student": "Thales Baliero Takáo",
    "subject": "01 - JavaScript",
    "type": "Desafio",
    "value": 40,
    "timestamp": "2020-10-11T13:28:17.709Z"
  },
  {
    "id": 33,
    "student": "Roberto Achar",
    "subject": "01 - JavaScript",
    "type": "Desafio",
    "value": 25,
    "timestamp": "2020-05-19T18:21:25.184Z"
  }
]
2020-10-12T16:57:07.968Z [grade-api] info: Chanlange API Started
2020-10-12T17:13:57.065Z [grade-api] info: Chanlange API Started
2020-10-12T21:43:59.999Z [grade-api] info: Chanlange API Started
2020-10-12T21:44:15.233Z [grade-api] info: GET /grade/:id {
  "id": 49,
  "student": "Thales Baliero Takáo",
  "subject": "01 - JavaScript",
  "type": "Fórum",
  "value": 3,
  "timestamp": "2020-10-09T16:56:12.947Z"
}
2020-10-12T21:44:49.153Z [grade-api] info: Chanlange API Started
2020-10-12T21:44:52.394Z [grade-api] error: GET /grade - Não há registro com o ID consultado.
2020-10-17T16:00:15.370Z [grade-api] info: Chanlange API Started
2020-10-17T16:10:50.955Z [grade-api] info: GET /subject 01 - JavaScript,02 - Node,03 - React,04 - MongoDB
2020-10-17T16:12:31.363Z [grade-api] info: Chanlange API Started
2020-10-17T16:14:49.810Z [grade-api] info: Chanlange API Started
2020-10-17T16:16:28.677Z [grade-api] info: Chanlange API Started
2020-10-17T16:19:52.680Z [grade-api] info: Chanlange API Started
2020-10-17T16:38:27.416Z [grade-api] info: Chanlange API Started
2020-10-17T16:39:35.128Z [grade-api] info: Chanlange API Started
2020-10-17T16:42:03.212Z [grade-api] info: Chanlange API Started
2020-10-17T16:42:46.766Z [grade-api] info: Chanlange API Started
2020-10-17T16:45:49.880Z [grade-api] info: Chanlange API Started
2020-10-17T16:47:19.849Z [grade-api] info: Chanlange API Started
2020-10-17T16:49:51.212Z [grade-api] info: Chanlange API Started
2020-10-17T16:51:56.178Z [grade-api] info: GET /grade/:id {
  "id": 1,
  "student": "Loiane Groner",
  "subject": "01 - JavaScript",
  "type": "Fórum",
  "value": 15,
  "timestamp": "2020-05-19T18:21:24.958Z"
}
2020-10-17T16:56:24.965Z [grade-api] info: Chanlange API Started
2020-10-17T17:09:59.529Z [grade-api] error: PUT /grade - Id, student, subject, type e value são obrigatórios
2020-10-17T17:10:19.410Z [grade-api] error: PUT /grade - O registro solicitado para modificação não existe.
2020-10-17T17:10:28.513Z [grade-api] info: PUT /grade {
  "id": 1,
  "student": "Loiane Groner",
  "subject": "01 - JavaScript",
  "type": "Fórum",
  "value": 3,
  "timestamp": "2020-05-19T18:21:24.958Z",
  "studente": "Thales Baliero Takáo"
}
2020-10-17T17:10:30.618Z [grade-api] info: Chanlange API Started
2020-10-17T17:17:10.529Z [grade-api] info: Chanlange API Started
2020-10-17T17:18:53.964Z [grade-api] info: Chanlange API Started
2020-10-17T17:22:22.883Z [grade-api] info: Chanlange API Started
